2024-05-30 19:04:54,374 INFO c.s.l.LocalListener [TestNG-test-AllCasesHomeWork-1] $("webdriver") create()
2024-05-30 19:04:54,879 INFO c.s.l.LocalListener [TestNG-test-AllCasesHomeWork-1] $("open") https://react-shopping-cart-67954.firebaseapp.com/
2024-05-30 19:04:55,131 INFO c.s.l.LocalListener [TestNG-test-AllCasesHomeWork-1] $("p[class = 'sc-124al1g-4 eeXMBo'][0]") should be([visible, 10 s.])
2024-05-30 19:04:55,144 INFO c.s.l.LocalListener [TestNG-test-AllCasesHomeWork-1] $("p[class = 'sc-124al1g-4 eeXMBo'].snapshot(16 elements)[0]") get text()
2024-05-30 19:04:55,153 INFO c.s.l.LocalListener [TestNG-test-AllCasesHomeWork-1] $("p[class = 'sc-124al1g-4 eeXMBo'].snapshot(16 elements)[1]") get text()
2024-05-30 19:04:55,162 INFO c.s.l.LocalListener [TestNG-test-AllCasesHomeWork-1] $("p[class = 'sc-124al1g-4 eeXMBo'].snapshot(16 elements)[2]") get text()
2024-05-30 19:04:55,168 INFO c.s.l.LocalListener [TestNG-test-AllCasesHomeWork-1] $("p[class = 'sc-124al1g-4 eeXMBo'].snapshot(16 elements)[3]") get text()
2024-05-30 19:04:55,174 INFO c.s.l.LocalListener [TestNG-test-AllCasesHomeWork-1] $("p[class = 'sc-124al1g-4 eeXMBo'].snapshot(16 elements)[4]") get text()
2024-05-30 19:04:55,179 INFO c.s.l.LocalListener [TestNG-test-AllCasesHomeWork-1] $("p[class = 'sc-124al1g-4 eeXMBo'].snapshot(16 elements)[5]") get text()
2024-05-30 19:04:55,199 INFO c.s.l.LocalListener [TestNG-test-AllCasesHomeWork-1] $("p[class = 'sc-124al1g-4 eeXMBo'].snapshot(16 elements)[6]") get text()
2024-05-30 19:04:55,205 INFO c.s.l.LocalListener [TestNG-test-AllCasesHomeWork-1] $("p[class = 'sc-124al1g-4 eeXMBo'].snapshot(16 elements)[7]") get text()
2024-05-30 19:04:55,211 INFO c.s.l.LocalListener [TestNG-test-AllCasesHomeWork-1] $("p[class = 'sc-124al1g-4 eeXMBo'].snapshot(16 elements)[8]") get text()
2024-05-30 19:04:55,217 INFO c.s.l.LocalListener [TestNG-test-AllCasesHomeWork-1] $("p[class = 'sc-124al1g-4 eeXMBo'].snapshot(16 elements)[9]") get text()
2024-05-30 19:04:55,223 INFO c.s.l.LocalListener [TestNG-test-AllCasesHomeWork-1] $("p[class = 'sc-124al1g-4 eeXMBo'].snapshot(16 elements)[10]") get text()
2024-05-30 19:04:55,229 INFO c.s.l.LocalListener [TestNG-test-AllCasesHomeWork-1] $("p[class = 'sc-124al1g-4 eeXMBo'].snapshot(16 elements)[11]") get text()
2024-05-30 19:04:55,234 INFO c.s.l.LocalListener [TestNG-test-AllCasesHomeWork-1] $("p[class = 'sc-124al1g-4 eeXMBo'].snapshot(16 elements)[12]") get text()
2024-05-30 19:04:55,240 INFO c.s.l.LocalListener [TestNG-test-AllCasesHomeWork-1] $("p[class = 'sc-124al1g-4 eeXMBo'].snapshot(16 elements)[13]") get text()
2024-05-30 19:04:55,246 INFO c.s.l.LocalListener [TestNG-test-AllCasesHomeWork-1] $("p[class = 'sc-124al1g-4 eeXMBo'].snapshot(16 elements)[14]") get text()
2024-05-30 19:04:55,251 INFO c.s.l.LocalListener [TestNG-test-AllCasesHomeWork-1] $("p[class = 'sc-124al1g-4 eeXMBo'].snapshot(16 elements)[15]") get text()
2024-05-30 19:04:55,264 INFO c.s.l.LocalListener [TestNG-test-AllCasesHomeWork-1] $("By.xpath: //*[text() = 'Add to cart'][0]") should be([clickable: interactable and enabled, 10 s.])
2024-05-30 19:04:55,350 INFO c.s.l.LocalListener [TestNG-test-AllCasesHomeWork-1] $("p[class = 'sc-11uohgb-2 elbkhN'][0]") should be([visible, 10 s.])
2024-05-30 19:04:55,358 INFO c.s.l.LocalListener [TestNG-test-AllCasesHomeWork-1] $("p[class = 'sc-11uohgb-2 elbkhN'].snapshot(16 elements)[0]") get text()
2024-05-30 19:04:55,365 INFO c.s.l.LocalListener [TestNG-test-AllCasesHomeWork-1] $("p[class = 'sc-11uohgb-2 elbkhN'].snapshot(16 elements)[1]") get text()
2024-05-30 19:04:55,371 INFO c.s.l.LocalListener [TestNG-test-AllCasesHomeWork-1] $("p[class = 'sc-11uohgb-2 elbkhN'].snapshot(16 elements)[2]") get text()
2024-05-30 19:04:55,377 INFO c.s.l.LocalListener [TestNG-test-AllCasesHomeWork-1] $("p[class = 'sc-11uohgb-2 elbkhN'].snapshot(16 elements)[3]") get text()
2024-05-30 19:04:55,383 INFO c.s.l.LocalListener [TestNG-test-AllCasesHomeWork-1] $("p[class = 'sc-11uohgb-2 elbkhN'].snapshot(16 elements)[4]") get text()
2024-05-30 19:04:55,389 INFO c.s.l.LocalListener [TestNG-test-AllCasesHomeWork-1] $("p[class = 'sc-11uohgb-2 elbkhN'].snapshot(16 elements)[5]") get text()
2024-05-30 19:04:55,395 INFO c.s.l.LocalListener [TestNG-test-AllCasesHomeWork-1] $("p[class = 'sc-11uohgb-2 elbkhN'].snapshot(16 elements)[6]") get text()
2024-05-30 19:04:55,400 INFO c.s.l.LocalListener [TestNG-test-AllCasesHomeWork-1] $("p[class = 'sc-11uohgb-2 elbkhN'].snapshot(16 elements)[7]") get text()
2024-05-30 19:04:55,406 INFO c.s.l.LocalListener [TestNG-test-AllCasesHomeWork-1] $("p[class = 'sc-11uohgb-2 elbkhN'].snapshot(16 elements)[8]") get text()
2024-05-30 19:04:55,412 INFO c.s.l.LocalListener [TestNG-test-AllCasesHomeWork-1] $("p[class = 'sc-11uohgb-2 elbkhN'].snapshot(16 elements)[9]") get text()
2024-05-30 19:04:55,418 INFO c.s.l.LocalListener [TestNG-test-AllCasesHomeWork-1] $("p[class = 'sc-11uohgb-2 elbkhN'].snapshot(16 elements)[10]") get text()
2024-05-30 19:04:55,424 INFO c.s.l.LocalListener [TestNG-test-AllCasesHomeWork-1] $("p[class = 'sc-11uohgb-2 elbkhN'].snapshot(16 elements)[11]") get text()
2024-05-30 19:04:55,429 INFO c.s.l.LocalListener [TestNG-test-AllCasesHomeWork-1] $("p[class = 'sc-11uohgb-2 elbkhN'].snapshot(16 elements)[12]") get text()
2024-05-30 19:04:55,435 INFO c.s.l.LocalListener [TestNG-test-AllCasesHomeWork-1] $("p[class = 'sc-11uohgb-2 elbkhN'].snapshot(16 elements)[13]") get text()
2024-05-30 19:04:55,441 INFO c.s.l.LocalListener [TestNG-test-AllCasesHomeWork-1] $("p[class = 'sc-11uohgb-2 elbkhN'].snapshot(16 elements)[14]") get text()
2024-05-30 19:04:55,447 INFO c.s.l.LocalListener [TestNG-test-AllCasesHomeWork-1] $("p[class = 'sc-11uohgb-2 elbkhN'].snapshot(16 elements)[15]") get text()
2024-05-30 19:04:56,343 INFO c.s.l.LocalListener [TestNG-test-AllCasesHomeWork-1] $("webdriver") close()
2024-05-30 19:04:57,671 INFO c.s.l.LocalListener [TestNG-test-AllCasesHomeWork-1] $("webdriver") create()
2024-05-30 19:04:58,300 INFO c.s.l.LocalListener [TestNG-test-AllCasesHomeWork-1] $("open") https://react-shopping-cart-67954.firebaseapp.com/
2024-05-30 19:04:58,531 INFO c.s.l.LocalListener [TestNG-test-AllCasesHomeWork-1] $("p[class = 'sc-124al1g-4 eeXMBo'][0]") should be([visible, 10 s.])
2024-05-30 19:04:58,545 INFO c.s.l.LocalListener [TestNG-test-AllCasesHomeWork-1] $("p[class = 'sc-124al1g-4 eeXMBo'].snapshot(16 elements)[0]") get text()
2024-05-30 19:04:58,553 INFO c.s.l.LocalListener [TestNG-test-AllCasesHomeWork-1] $("p[class = 'sc-124al1g-4 eeXMBo'].snapshot(16 elements)[1]") get text()
2024-05-30 19:04:58,564 INFO c.s.l.LocalListener [TestNG-test-AllCasesHomeWork-1] $("p[class = 'sc-124al1g-4 eeXMBo'].snapshot(16 elements)[2]") get text()
2024-05-30 19:04:58,571 INFO c.s.l.LocalListener [TestNG-test-AllCasesHomeWork-1] $("p[class = 'sc-124al1g-4 eeXMBo'].snapshot(16 elements)[3]") get text()
2024-05-30 19:04:58,576 INFO c.s.l.LocalListener [TestNG-test-AllCasesHomeWork-1] $("p[class = 'sc-124al1g-4 eeXMBo'].snapshot(16 elements)[4]") get text()
2024-05-30 19:04:58,581 INFO c.s.l.LocalListener [TestNG-test-AllCasesHomeWork-1] $("p[class = 'sc-124al1g-4 eeXMBo'].snapshot(16 elements)[5]") get text()
2024-05-30 19:04:58,586 INFO c.s.l.LocalListener [TestNG-test-AllCasesHomeWork-1] $("p[class = 'sc-124al1g-4 eeXMBo'].snapshot(16 elements)[6]") get text()
2024-05-30 19:04:58,591 INFO c.s.l.LocalListener [TestNG-test-AllCasesHomeWork-1] $("p[class = 'sc-124al1g-4 eeXMBo'].snapshot(16 elements)[7]") get text()
2024-05-30 19:04:58,596 INFO c.s.l.LocalListener [TestNG-test-AllCasesHomeWork-1] $("p[class = 'sc-124al1g-4 eeXMBo'].snapshot(16 elements)[8]") get text()
2024-05-30 19:04:58,614 INFO c.s.l.LocalListener [TestNG-test-AllCasesHomeWork-1] $("p[class = 'sc-124al1g-4 eeXMBo'].snapshot(16 elements)[9]") get text()
2024-05-30 19:04:58,620 INFO c.s.l.LocalListener [TestNG-test-AllCasesHomeWork-1] $("p[class = 'sc-124al1g-4 eeXMBo'].snapshot(16 elements)[10]") get text()
2024-05-30 19:04:58,625 INFO c.s.l.LocalListener [TestNG-test-AllCasesHomeWork-1] $("p[class = 'sc-124al1g-4 eeXMBo'].snapshot(16 elements)[11]") get text()
2024-05-30 19:04:58,631 INFO c.s.l.LocalListener [TestNG-test-AllCasesHomeWork-1] $("p[class = 'sc-124al1g-4 eeXMBo'].snapshot(16 elements)[12]") get text()
2024-05-30 19:04:58,636 INFO c.s.l.LocalListener [TestNG-test-AllCasesHomeWork-1] $("p[class = 'sc-124al1g-4 eeXMBo'].snapshot(16 elements)[13]") get text()
2024-05-30 19:04:58,641 INFO c.s.l.LocalListener [TestNG-test-AllCasesHomeWork-1] $("p[class = 'sc-124al1g-4 eeXMBo'].snapshot(16 elements)[14]") get text()
2024-05-30 19:04:58,647 INFO c.s.l.LocalListener [TestNG-test-AllCasesHomeWork-1] $("p[class = 'sc-124al1g-4 eeXMBo'].snapshot(16 elements)[15]") get text()
2024-05-30 19:04:58,657 INFO c.s.l.LocalListener [TestNG-test-AllCasesHomeWork-1] $("By.xpath: //span[@class = 'checkmark'][0]") should be([clickable: interactable and enabled, 10 s.])
2024-05-30 19:04:58,900 INFO c.s.l.LocalListener [TestNG-test-AllCasesHomeWork-1] $("By.xpath: //span[@class = 'checkmark'][1]") click()
2024-05-30 19:04:59,914 INFO c.s.l.LocalListener [TestNG-test-AllCasesHomeWork-1] $("p[class = 'sc-124al1g-4 eeXMBo'][0]") should be([visible, 10 s.])
2024-05-30 19:04:59,921 INFO c.s.l.LocalListener [TestNG-test-AllCasesHomeWork-1] $("p[class = 'sc-124al1g-4 eeXMBo'].snapshot(2 elements)[0]") get text()
2024-05-30 19:04:59,927 INFO c.s.l.LocalListener [TestNG-test-AllCasesHomeWork-1] $("p[class = 'sc-124al1g-4 eeXMBo'].snapshot(2 elements)[1]") get text()
2024-05-30 19:05:00,386 INFO c.s.l.LocalListener [TestNG-test-AllCasesHomeWork-1] $("webdriver") close()
2024-05-30 19:05:01,726 INFO c.s.l.LocalListener [TestNG-test-AllCasesHomeWork-1] $("webdriver") create()
2024-05-30 19:05:02,298 INFO c.s.l.LocalListener [TestNG-test-AllCasesHomeWork-1] $("open") https://react-shopping-cart-67954.firebaseapp.com/
2024-05-30 19:05:02,522 INFO c.s.l.LocalListener [TestNG-test-AllCasesHomeWork-1] $("p[class = 'sc-124al1g-4 eeXMBo'][0]") should be([clickable: interactable and enabled, 10 s.])
2024-05-30 19:05:02,530 INFO c.s.l.LocalListener [TestNG-test-AllCasesHomeWork-1] $("By.xpath: //main[@class ='sc-ebmerl-4 iliWeY']//p") get text()
2024-05-30 19:05:02,538 INFO c.s.l.LocalListener [TestNG-test-AllCasesHomeWork-1] $("By.xpath: //span[@class = 'checkmark'][0]") should be([clickable: interactable and enabled, 10 s.])
2024-05-30 19:05:02,772 INFO c.s.l.LocalListener [TestNG-test-AllCasesHomeWork-1] $("By.xpath: //span[@class = 'checkmark'][1]") click()
2024-05-30 19:05:04,791 INFO c.s.l.LocalListener [TestNG-test-AllCasesHomeWork-1] $("p[class = 'sc-124al1g-4 eeXMBo'][0]") should be([clickable: interactable and enabled, 10 s.])
2024-05-30 19:05:04,797 INFO c.s.l.LocalListener [TestNG-test-AllCasesHomeWork-1] $("By.xpath: //main[@class ='sc-ebmerl-4 iliWeY']//p") get text()
2024-05-30 19:05:05,325 INFO c.s.l.LocalListener [TestNG-test-AllCasesHomeWork-1] $("webdriver") close()
2024-05-30 19:05:06,664 INFO c.s.l.LocalListener [TestNG-test-AllCasesHomeWork-1] $("webdriver") create()
2024-05-30 19:05:07,301 INFO c.s.l.LocalListener [TestNG-test-AllCasesHomeWork-1] $("open") https://react-shopping-cart-67954.firebaseapp.com/
2024-05-30 19:05:07,538 INFO c.s.l.LocalListener [TestNG-test-AllCasesHomeWork-1] $("p[class = 'sc-124al1g-4 eeXMBo'][0]") should be([visible, 10 s.])
2024-05-30 19:05:07,546 INFO c.s.l.LocalListener [TestNG-test-AllCasesHomeWork-1] $("p[class = 'sc-124al1g-4 eeXMBo'][0]") get text()
2024-05-30 19:05:07,555 INFO c.s.l.LocalListener [TestNG-test-AllCasesHomeWork-1] $("By.xpath: //*[text() = 'Add to cart'][0]") should be([clickable: interactable and enabled, 10 s.])
2024-05-30 19:05:07,556 INFO c.s.l.LocalListener [TestNG-test-AllCasesHomeWork-1] $("By.xpath: //*[text() = 'Add to cart'][0]") exists()
2024-05-30 19:05:07,781 INFO c.s.l.LocalListener [TestNG-test-AllCasesHomeWork-1] $("By.xpath: //*[text() = 'Add to cart'][0]") click()
2024-05-30 19:05:07,786 INFO c.s.l.LocalListener [TestNG-test-AllCasesHomeWork-1] $("p[class = 'sc-11uohgb-2 elbkhN'][0]") should be([visible, 10 s.])
2024-05-30 19:05:07,792 INFO c.s.l.LocalListener [TestNG-test-AllCasesHomeWork-1] $("p[class = 'sc-11uohgb-2 elbkhN'][0]") get text()
2024-05-30 19:05:09,014 INFO c.s.l.LocalListener [TestNG-test-AllCasesHomeWork-1] $("webdriver") close()
2024-05-30 19:05:10,340 INFO c.s.l.LocalListener [TestNG-test-AllCasesHomeWork-1] $("webdriver") create()
2024-05-30 19:05:10,819 INFO c.s.l.LocalListener [TestNG-test-AllCasesHomeWork-1] $("open") https://react-shopping-cart-67954.firebaseapp.com/
2024-05-30 19:05:10,836 INFO c.s.l.LocalListener [TestNG-test-AllCasesHomeWork-1] $("By.xpath: //span[@class = 'checkmark'][0]") should be([clickable: interactable and enabled, 10 s.])
2024-05-30 19:05:10,845 INFO c.s.l.LocalListener [TestNG-test-AllCasesHomeWork-1] $("By.xpath: //span[@class = 'checkmark'][0]") get text()
2024-05-30 19:05:11,062 INFO c.s.l.LocalListener [TestNG-test-AllCasesHomeWork-1] $("By.xpath: //span[@class = 'checkmark'][0]") click()
2024-05-30 19:05:11,071 INFO c.s.l.LocalListener [TestNG-test-AllCasesHomeWork-1] $("By.xpath: //span[@class = 'checkmark'][1]") get text()
2024-05-30 19:05:11,079 INFO c.s.l.LocalListener [TestNG-test-AllCasesHomeWork-1] $("By.xpath: //span[@class = 'checkmark'][2]") get text()
2024-05-30 19:05:11,088 INFO c.s.l.LocalListener [TestNG-test-AllCasesHomeWork-1] $("By.xpath: //span[@class = 'checkmark'][3]") get text()
2024-05-30 19:05:11,101 INFO c.s.l.LocalListener [TestNG-test-AllCasesHomeWork-1] $("By.xpath: //span[@class = 'checkmark'][4]") get text()
2024-05-30 19:05:11,109 INFO c.s.l.LocalListener [TestNG-test-AllCasesHomeWork-1] $("By.xpath: //span[@class = 'checkmark'][5]") get text()
2024-05-30 19:05:11,117 INFO c.s.l.LocalListener [TestNG-test-AllCasesHomeWork-1] $("By.xpath: //span[@class = 'checkmark'][6]") get text()
2024-05-30 19:05:12,143 INFO c.s.l.LocalListener [TestNG-test-AllCasesHomeWork-1] $("p[class = 'sc-124al1g-4 eeXMBo'][0]") should be([clickable: interactable and enabled, 10 s.])
2024-05-30 19:05:12,150 INFO c.s.l.LocalListener [TestNG-test-AllCasesHomeWork-1] $("By.xpath: //main[@class ='sc-ebmerl-4 iliWeY']//p") get text()
2024-05-30 19:05:12,160 INFO c.s.l.LocalListener [TestNG-test-AllCasesHomeWork-1] $("p[class = 'sc-124al1g-4 eeXMBo'][0]") should be([clickable: interactable and enabled, 10 s.])
2024-05-30 19:05:12,167 INFO c.s.l.LocalListener [TestNG-test-AllCasesHomeWork-1] $("By.xpath: //main[@class ='sc-ebmerl-4 iliWeY']//p") get text()
2024-05-30 19:05:12,683 INFO c.s.l.LocalListener [TestNG-test-AllCasesHomeWork-1] $("webdriver") close()
2024-05-30 19:05:14,821 INFO c.s.l.LocalListener [TestNG-test-AllCasesHomeWork-1] $("webdriver") create()
2024-05-30 19:05:15,331 INFO c.s.l.LocalListener [TestNG-test-AllCasesHomeWork-1] $("open") https://react-shopping-cart-67954.firebaseapp.com/
2024-05-30 19:05:15,350 INFO c.s.l.LocalListener [TestNG-test-AllCasesHomeWork-1] $("By.xpath: //span[@class = 'checkmark'][0]") should be([clickable: interactable and enabled, 10 s.])
2024-05-30 19:05:15,358 INFO c.s.l.LocalListener [TestNG-test-AllCasesHomeWork-1] $("By.xpath: //span[@class = 'checkmark'][0]") get text()
2024-05-30 19:05:15,365 INFO c.s.l.LocalListener [TestNG-test-AllCasesHomeWork-1] $("By.xpath: //span[@class = 'checkmark'][1]") get text()
2024-05-30 19:05:15,604 INFO c.s.l.LocalListener [TestNG-test-AllCasesHomeWork-1] $("By.xpath: //span[@class = 'checkmark'][1]") click()
2024-05-30 19:05:15,614 INFO c.s.l.LocalListener [TestNG-test-AllCasesHomeWork-1] $("By.xpath: //span[@class = 'checkmark'][2]") get text()
2024-05-30 19:05:15,621 INFO c.s.l.LocalListener [TestNG-test-AllCasesHomeWork-1] $("By.xpath: //span[@class = 'checkmark'][3]") get text()
2024-05-30 19:05:15,628 INFO c.s.l.LocalListener [TestNG-test-AllCasesHomeWork-1] $("By.xpath: //span[@class = 'checkmark'][4]") get text()
2024-05-30 19:05:15,646 INFO c.s.l.LocalListener [TestNG-test-AllCasesHomeWork-1] $("By.xpath: //span[@class = 'checkmark'][5]") get text()
2024-05-30 19:05:15,653 INFO c.s.l.LocalListener [TestNG-test-AllCasesHomeWork-1] $("By.xpath: //span[@class = 'checkmark'][6]") get text()
2024-05-30 19:05:16,671 INFO c.s.l.LocalListener [TestNG-test-AllCasesHomeWork-1] $("p[class = 'sc-124al1g-4 eeXMBo'][0]") should be([clickable: interactable and enabled, 10 s.])
2024-05-30 19:05:16,677 INFO c.s.l.LocalListener [TestNG-test-AllCasesHomeWork-1] $("By.xpath: //main[@class ='sc-ebmerl-4 iliWeY']//p") get text()
2024-05-30 19:05:16,684 INFO c.s.l.LocalListener [TestNG-test-AllCasesHomeWork-1] $("p[class = 'sc-124al1g-4 eeXMBo'][0]") should be([clickable: interactable and enabled, 10 s.])
2024-05-30 19:05:16,689 INFO c.s.l.LocalListener [TestNG-test-AllCasesHomeWork-1] $("By.xpath: //main[@class ='sc-ebmerl-4 iliWeY']//p") get text()
2024-05-30 19:05:17,170 INFO c.s.l.LocalListener [TestNG-test-AllCasesHomeWork-1] $("webdriver") close()
2024-05-30 19:05:18,511 INFO c.s.l.LocalListener [TestNG-test-AllCasesHomeWork-1] $("webdriver") create()
2024-05-30 19:05:19,059 INFO c.s.l.LocalListener [TestNG-test-AllCasesHomeWork-1] $("open") https://react-shopping-cart-67954.firebaseapp.com/
2024-05-30 19:05:19,076 INFO c.s.l.LocalListener [TestNG-test-AllCasesHomeWork-1] $("By.xpath: //span[@class = 'checkmark'][0]") should be([clickable: interactable and enabled, 10 s.])
2024-05-30 19:05:19,087 INFO c.s.l.LocalListener [TestNG-test-AllCasesHomeWork-1] $("By.xpath: //span[@class = 'checkmark'][0]") get text()
2024-05-30 19:05:19,095 INFO c.s.l.LocalListener [TestNG-test-AllCasesHomeWork-1] $("By.xpath: //span[@class = 'checkmark'][1]") get text()
2024-05-30 19:05:19,101 INFO c.s.l.LocalListener [TestNG-test-AllCasesHomeWork-1] $("By.xpath: //span[@class = 'checkmark'][2]") get text()
2024-05-30 19:05:19,333 INFO c.s.l.LocalListener [TestNG-test-AllCasesHomeWork-1] $("By.xpath: //span[@class = 'checkmark'][2]") click()
2024-05-30 19:05:19,341 INFO c.s.l.LocalListener [TestNG-test-AllCasesHomeWork-1] $("By.xpath: //span[@class = 'checkmark'][3]") get text()
2024-05-30 19:05:19,348 INFO c.s.l.LocalListener [TestNG-test-AllCasesHomeWork-1] $("By.xpath: //span[@class = 'checkmark'][4]") get text()
2024-05-30 19:05:19,354 INFO c.s.l.LocalListener [TestNG-test-AllCasesHomeWork-1] $("By.xpath: //span[@class = 'checkmark'][5]") get text()
2024-05-30 19:05:19,373 INFO c.s.l.LocalListener [TestNG-test-AllCasesHomeWork-1] $("By.xpath: //span[@class = 'checkmark'][6]") get text()
2024-05-30 19:05:20,402 INFO c.s.l.LocalListener [TestNG-test-AllCasesHomeWork-1] $("p[class = 'sc-124al1g-4 eeXMBo'][0]") should be([clickable: interactable and enabled, 10 s.])
2024-05-30 19:05:20,408 INFO c.s.l.LocalListener [TestNG-test-AllCasesHomeWork-1] $("By.xpath: //main[@class ='sc-ebmerl-4 iliWeY']//p") get text()
2024-05-30 19:05:20,415 INFO c.s.l.LocalListener [TestNG-test-AllCasesHomeWork-1] $("p[class = 'sc-124al1g-4 eeXMBo'][0]") should be([clickable: interactable and enabled, 10 s.])
2024-05-30 19:05:20,421 INFO c.s.l.LocalListener [TestNG-test-AllCasesHomeWork-1] $("By.xpath: //main[@class ='sc-ebmerl-4 iliWeY']//p") get text()
2024-05-30 19:05:20,937 INFO c.s.l.LocalListener [TestNG-test-AllCasesHomeWork-1] $("webdriver") close()
2024-05-30 19:05:22,306 INFO c.s.l.LocalListener [TestNG-test-AllCasesHomeWork-1] $("webdriver") create()
2024-05-30 19:05:22,765 INFO c.s.l.LocalListener [TestNG-test-AllCasesHomeWork-1] $("open") https://react-shopping-cart-67954.firebaseapp.com/
2024-05-30 19:05:22,784 INFO c.s.l.LocalListener [TestNG-test-AllCasesHomeWork-1] $("By.xpath: //span[@class = 'checkmark'][0]") should be([clickable: interactable and enabled, 10 s.])
2024-05-30 19:05:22,793 INFO c.s.l.LocalListener [TestNG-test-AllCasesHomeWork-1] $("By.xpath: //span[@class = 'checkmark'][0]") get text()
2024-05-30 19:05:22,802 INFO c.s.l.LocalListener [TestNG-test-AllCasesHomeWork-1] $("By.xpath: //span[@class = 'checkmark'][1]") get text()
2024-05-30 19:05:22,809 INFO c.s.l.LocalListener [TestNG-test-AllCasesHomeWork-1] $("By.xpath: //span[@class = 'checkmark'][2]") get text()
2024-05-30 19:05:22,817 INFO c.s.l.LocalListener [TestNG-test-AllCasesHomeWork-1] $("By.xpath: //span[@class = 'checkmark'][3]") get text()
2024-05-30 19:05:23,050 INFO c.s.l.LocalListener [TestNG-test-AllCasesHomeWork-1] $("By.xpath: //span[@class = 'checkmark'][3]") click()
2024-05-30 19:05:23,376 INFO c.s.l.LocalListener [TestNG-test-AllCasesHomeWork-1] $("By.xpath: //span[@class = 'checkmark'][4]") get text()
2024-05-30 19:05:23,384 INFO c.s.l.LocalListener [TestNG-test-AllCasesHomeWork-1] $("By.xpath: //span[@class = 'checkmark'][5]") get text()
2024-05-30 19:05:23,392 INFO c.s.l.LocalListener [TestNG-test-AllCasesHomeWork-1] $("By.xpath: //span[@class = 'checkmark'][6]") get text()
2024-05-30 19:05:24,414 INFO c.s.l.LocalListener [TestNG-test-AllCasesHomeWork-1] $("p[class = 'sc-124al1g-4 eeXMBo'][0]") should be([clickable: interactable and enabled, 10 s.])
2024-05-30 19:05:24,419 INFO c.s.l.LocalListener [TestNG-test-AllCasesHomeWork-1] $("By.xpath: //main[@class ='sc-ebmerl-4 iliWeY']//p") get text()
2024-05-30 19:05:24,426 INFO c.s.l.LocalListener [TestNG-test-AllCasesHomeWork-1] $("p[class = 'sc-124al1g-4 eeXMBo'][0]") should be([clickable: interactable and enabled, 10 s.])
2024-05-30 19:05:24,432 INFO c.s.l.LocalListener [TestNG-test-AllCasesHomeWork-1] $("By.xpath: //main[@class ='sc-ebmerl-4 iliWeY']//p") get text()
2024-05-30 19:05:24,899 INFO c.s.l.LocalListener [TestNG-test-AllCasesHomeWork-1] $("webdriver") close()
2024-05-30 19:05:26,247 INFO c.s.l.LocalListener [TestNG-test-AllCasesHomeWork-1] $("webdriver") create()
2024-05-30 19:05:26,797 INFO c.s.l.LocalListener [TestNG-test-AllCasesHomeWork-1] $("open") https://react-shopping-cart-67954.firebaseapp.com/
2024-05-30 19:05:26,811 INFO c.s.l.LocalListener [TestNG-test-AllCasesHomeWork-1] $("By.xpath: //span[@class = 'checkmark'][0]") should be([clickable: interactable and enabled, 10 s.])
2024-05-30 19:05:26,819 INFO c.s.l.LocalListener [TestNG-test-AllCasesHomeWork-1] $("By.xpath: //span[@class = 'checkmark'][0]") get text()
2024-05-30 19:05:26,825 INFO c.s.l.LocalListener [TestNG-test-AllCasesHomeWork-1] $("By.xpath: //span[@class = 'checkmark'][1]") get text()
2024-05-30 19:05:26,832 INFO c.s.l.LocalListener [TestNG-test-AllCasesHomeWork-1] $("By.xpath: //span[@class = 'checkmark'][2]") get text()
2024-05-30 19:05:26,839 INFO c.s.l.LocalListener [TestNG-test-AllCasesHomeWork-1] $("By.xpath: //span[@class = 'checkmark'][3]") get text()
2024-05-30 19:05:27,057 INFO c.s.l.LocalListener [TestNG-test-AllCasesHomeWork-1] $("By.xpath: //span[@class = 'checkmark'][3]") click()
2024-05-30 19:05:27,075 INFO c.s.l.LocalListener [TestNG-test-AllCasesHomeWork-1] $("By.xpath: //span[@class = 'checkmark'][4]") get text()
2024-05-30 19:05:27,081 INFO c.s.l.LocalListener [TestNG-test-AllCasesHomeWork-1] $("By.xpath: //span[@class = 'checkmark'][5]") get text()
2024-05-30 19:05:27,088 INFO c.s.l.LocalListener [TestNG-test-AllCasesHomeWork-1] $("By.xpath: //span[@class = 'checkmark'][6]") get text()
2024-05-30 19:05:28,111 INFO c.s.l.LocalListener [TestNG-test-AllCasesHomeWork-1] $("p[class = 'sc-124al1g-4 eeXMBo'][0]") should be([clickable: interactable and enabled, 10 s.])
2024-05-30 19:05:28,116 INFO c.s.l.LocalListener [TestNG-test-AllCasesHomeWork-1] $("By.xpath: //main[@class ='sc-ebmerl-4 iliWeY']//p") get text()
2024-05-30 19:05:28,123 INFO c.s.l.LocalListener [TestNG-test-AllCasesHomeWork-1] $("p[class = 'sc-124al1g-4 eeXMBo'][0]") should be([clickable: interactable and enabled, 10 s.])
2024-05-30 19:05:28,128 INFO c.s.l.LocalListener [TestNG-test-AllCasesHomeWork-1] $("By.xpath: //main[@class ='sc-ebmerl-4 iliWeY']//p") get text()
2024-05-30 19:05:28,624 INFO c.s.l.LocalListener [TestNG-test-AllCasesHomeWork-1] $("webdriver") close()
2024-05-30 19:05:29,887 INFO c.s.l.LocalListener [TestNG-test-AllCasesHomeWork-1] $("webdriver") create()
2024-05-30 19:05:30,359 INFO c.s.l.LocalListener [TestNG-test-AllCasesHomeWork-1] $("open") https://react-shopping-cart-67954.firebaseapp.com/
2024-05-30 19:05:30,379 INFO c.s.l.LocalListener [TestNG-test-AllCasesHomeWork-1] $("By.xpath: //span[@class = 'checkmark'][0]") should be([clickable: interactable and enabled, 10 s.])
2024-05-30 19:05:30,395 INFO c.s.l.LocalListener [TestNG-test-AllCasesHomeWork-1] $("By.xpath: //span[@class = 'checkmark'][0]") get text()
2024-05-30 19:05:30,405 INFO c.s.l.LocalListener [TestNG-test-AllCasesHomeWork-1] $("By.xpath: //span[@class = 'checkmark'][1]") get text()
2024-05-30 19:05:30,414 INFO c.s.l.LocalListener [TestNG-test-AllCasesHomeWork-1] $("By.xpath: //span[@class = 'checkmark'][2]") get text()
2024-05-30 19:05:30,423 INFO c.s.l.LocalListener [TestNG-test-AllCasesHomeWork-1] $("By.xpath: //span[@class = 'checkmark'][3]") get text()
2024-05-30 19:05:30,435 INFO c.s.l.LocalListener [TestNG-test-AllCasesHomeWork-1] $("By.xpath: //span[@class = 'checkmark'][4]") get text()
2024-05-30 19:05:30,666 INFO c.s.l.LocalListener [TestNG-test-AllCasesHomeWork-1] $("By.xpath: //span[@class = 'checkmark'][4]") click()
2024-05-30 19:05:30,677 INFO c.s.l.LocalListener [TestNG-test-AllCasesHomeWork-1] $("By.xpath: //span[@class = 'checkmark'][5]") get text()
2024-05-30 19:05:30,685 INFO c.s.l.LocalListener [TestNG-test-AllCasesHomeWork-1] $("By.xpath: //span[@class = 'checkmark'][6]") get text()
2024-05-30 19:05:31,700 INFO c.s.l.LocalListener [TestNG-test-AllCasesHomeWork-1] $("p[class = 'sc-124al1g-4 eeXMBo'][0]") should be([clickable: interactable and enabled, 10 s.])
2024-05-30 19:05:31,707 INFO c.s.l.LocalListener [TestNG-test-AllCasesHomeWork-1] $("By.xpath: //main[@class ='sc-ebmerl-4 iliWeY']//p") get text()
2024-05-30 19:05:31,713 INFO c.s.l.LocalListener [TestNG-test-AllCasesHomeWork-1] $("p[class = 'sc-124al1g-4 eeXMBo'][0]") should be([clickable: interactable and enabled, 10 s.])
2024-05-30 19:05:31,719 INFO c.s.l.LocalListener [TestNG-test-AllCasesHomeWork-1] $("By.xpath: //main[@class ='sc-ebmerl-4 iliWeY']//p") get text()
2024-05-30 19:05:32,225 INFO c.s.l.LocalListener [TestNG-test-AllCasesHomeWork-1] $("webdriver") close()
2024-05-30 19:05:33,474 INFO c.s.l.LocalListener [TestNG-test-AllCasesHomeWork-1] $("webdriver") create()
2024-05-30 19:05:34,066 INFO c.s.l.LocalListener [TestNG-test-AllCasesHomeWork-1] $("open") https://react-shopping-cart-67954.firebaseapp.com/
2024-05-30 19:05:34,082 INFO c.s.l.LocalListener [TestNG-test-AllCasesHomeWork-1] $("By.xpath: //span[@class = 'checkmark'][0]") should be([clickable: interactable and enabled, 10 s.])
2024-05-30 19:05:34,093 INFO c.s.l.LocalListener [TestNG-test-AllCasesHomeWork-1] $("By.xpath: //span[@class = 'checkmark'][0]") get text()
2024-05-30 19:05:34,100 INFO c.s.l.LocalListener [TestNG-test-AllCasesHomeWork-1] $("By.xpath: //span[@class = 'checkmark'][1]") get text()
2024-05-30 19:05:34,107 INFO c.s.l.LocalListener [TestNG-test-AllCasesHomeWork-1] $("By.xpath: //span[@class = 'checkmark'][2]") get text()
2024-05-30 19:05:34,114 INFO c.s.l.LocalListener [TestNG-test-AllCasesHomeWork-1] $("By.xpath: //span[@class = 'checkmark'][3]") get text()
2024-05-30 19:05:34,121 INFO c.s.l.LocalListener [TestNG-test-AllCasesHomeWork-1] $("By.xpath: //span[@class = 'checkmark'][4]") get text()
2024-05-30 19:05:34,128 INFO c.s.l.LocalListener [TestNG-test-AllCasesHomeWork-1] $("By.xpath: //span[@class = 'checkmark'][5]") get text()
2024-05-30 19:05:34,350 INFO c.s.l.LocalListener [TestNG-test-AllCasesHomeWork-1] $("By.xpath: //span[@class = 'checkmark'][5]") click()
2024-05-30 19:05:34,361 INFO c.s.l.LocalListener [TestNG-test-AllCasesHomeWork-1] $("By.xpath: //span[@class = 'checkmark'][6]") get text()
2024-05-30 19:05:35,380 INFO c.s.l.LocalListener [TestNG-test-AllCasesHomeWork-1] $("p[class = 'sc-124al1g-4 eeXMBo'][0]") should be([clickable: interactable and enabled, 10 s.])
2024-05-30 19:05:35,385 INFO c.s.l.LocalListener [TestNG-test-AllCasesHomeWork-1] $("By.xpath: //main[@class ='sc-ebmerl-4 iliWeY']//p") get text()
2024-05-30 19:05:35,392 INFO c.s.l.LocalListener [TestNG-test-AllCasesHomeWork-1] $("p[class = 'sc-124al1g-4 eeXMBo'][0]") should be([clickable: interactable and enabled, 10 s.])
2024-05-30 19:05:35,398 INFO c.s.l.LocalListener [TestNG-test-AllCasesHomeWork-1] $("By.xpath: //main[@class ='sc-ebmerl-4 iliWeY']//p") get text()
2024-05-30 19:05:35,869 INFO c.s.l.LocalListener [TestNG-test-AllCasesHomeWork-1] $("webdriver") close()
2024-05-30 19:05:37,177 INFO c.s.l.LocalListener [TestNG-test-AllCasesHomeWork-1] $("webdriver") create()
2024-05-30 19:05:37,633 INFO c.s.l.LocalListener [TestNG-test-AllCasesHomeWork-1] $("open") https://react-shopping-cart-67954.firebaseapp.com/
2024-05-30 19:05:37,649 INFO c.s.l.LocalListener [TestNG-test-AllCasesHomeWork-1] $("By.xpath: //span[@class = 'checkmark'][0]") should be([clickable: interactable and enabled, 10 s.])
2024-05-30 19:05:37,658 INFO c.s.l.LocalListener [TestNG-test-AllCasesHomeWork-1] $("By.xpath: //span[@class = 'checkmark'][0]") get text()
2024-05-30 19:05:37,666 INFO c.s.l.LocalListener [TestNG-test-AllCasesHomeWork-1] $("By.xpath: //span[@class = 'checkmark'][1]") get text()
2024-05-30 19:05:37,673 INFO c.s.l.LocalListener [TestNG-test-AllCasesHomeWork-1] $("By.xpath: //span[@class = 'checkmark'][2]") get text()
2024-05-30 19:05:37,679 INFO c.s.l.LocalListener [TestNG-test-AllCasesHomeWork-1] $("By.xpath: //span[@class = 'checkmark'][3]") get text()
2024-05-30 19:05:37,686 INFO c.s.l.LocalListener [TestNG-test-AllCasesHomeWork-1] $("By.xpath: //span[@class = 'checkmark'][4]") get text()
2024-05-30 19:05:37,693 INFO c.s.l.LocalListener [TestNG-test-AllCasesHomeWork-1] $("By.xpath: //span[@class = 'checkmark'][5]") get text()
2024-05-30 19:05:37,700 INFO c.s.l.LocalListener [TestNG-test-AllCasesHomeWork-1] $("By.xpath: //span[@class = 'checkmark'][6]") get text()
2024-05-30 19:05:37,925 INFO c.s.l.LocalListener [TestNG-test-AllCasesHomeWork-1] $("By.xpath: //span[@class = 'checkmark'][6]") click()
2024-05-30 19:05:38,951 INFO c.s.l.LocalListener [TestNG-test-AllCasesHomeWork-1] $("p[class = 'sc-124al1g-4 eeXMBo'][0]") should be([clickable: interactable and enabled, 10 s.])
2024-05-30 19:05:38,956 INFO c.s.l.LocalListener [TestNG-test-AllCasesHomeWork-1] $("By.xpath: //main[@class ='sc-ebmerl-4 iliWeY']//p") get text()
2024-05-30 19:05:38,962 INFO c.s.l.LocalListener [TestNG-test-AllCasesHomeWork-1] $("p[class = 'sc-124al1g-4 eeXMBo'][0]") should be([clickable: interactable and enabled, 10 s.])
2024-05-30 19:05:38,967 INFO c.s.l.LocalListener [TestNG-test-AllCasesHomeWork-1] $("By.xpath: //main[@class ='sc-ebmerl-4 iliWeY']//p") get text()
2024-05-30 19:05:39,427 INFO c.s.l.LocalListener [TestNG-test-AllCasesHomeWork-1] $("webdriver") close()
