2024-05-30 19:04:13,447 INFO c.s.l.LocalListener [TestNG-test-AllCasesHomeWork-1] $("webdriver") create()
2024-05-30 19:04:13,927 INFO c.s.l.LocalListener [TestNG-test-AllCasesHomeWork-1] $("open") https://react-shopping-cart-67954.firebaseapp.com/
2024-05-30 19:04:14,412 INFO c.s.l.LocalListener [TestNG-test-AllCasesHomeWork-1] $("p[class = 'sc-124al1g-4 eeXMBo'][0]") should be([visible, 10 s.])
2024-05-30 19:04:14,428 INFO c.s.l.LocalListener [TestNG-test-AllCasesHomeWork-1] $("p[class = 'sc-124al1g-4 eeXMBo'].snapshot(16 elements)[0]") get text()
2024-05-30 19:04:14,435 INFO c.s.l.LocalListener [TestNG-test-AllCasesHomeWork-1] $("p[class = 'sc-124al1g-4 eeXMBo'].snapshot(16 elements)[1]") get text()
2024-05-30 19:04:14,441 INFO c.s.l.LocalListener [TestNG-test-AllCasesHomeWork-1] $("p[class = 'sc-124al1g-4 eeXMBo'].snapshot(16 elements)[2]") get text()
2024-05-30 19:04:14,447 INFO c.s.l.LocalListener [TestNG-test-AllCasesHomeWork-1] $("p[class = 'sc-124al1g-4 eeXMBo'].snapshot(16 elements)[3]") get text()
2024-05-30 19:04:14,453 INFO c.s.l.LocalListener [TestNG-test-AllCasesHomeWork-1] $("p[class = 'sc-124al1g-4 eeXMBo'].snapshot(16 elements)[4]") get text()
2024-05-30 19:04:14,459 INFO c.s.l.LocalListener [TestNG-test-AllCasesHomeWork-1] $("p[class = 'sc-124al1g-4 eeXMBo'].snapshot(16 elements)[5]") get text()
2024-05-30 19:04:14,465 INFO c.s.l.LocalListener [TestNG-test-AllCasesHomeWork-1] $("p[class = 'sc-124al1g-4 eeXMBo'].snapshot(16 elements)[6]") get text()
2024-05-30 19:04:14,471 INFO c.s.l.LocalListener [TestNG-test-AllCasesHomeWork-1] $("p[class = 'sc-124al1g-4 eeXMBo'].snapshot(16 elements)[7]") get text()
2024-05-30 19:04:14,477 INFO c.s.l.LocalListener [TestNG-test-AllCasesHomeWork-1] $("p[class = 'sc-124al1g-4 eeXMBo'].snapshot(16 elements)[8]") get text()
2024-05-30 19:04:14,483 INFO c.s.l.LocalListener [TestNG-test-AllCasesHomeWork-1] $("p[class = 'sc-124al1g-4 eeXMBo'].snapshot(16 elements)[9]") get text()
2024-05-30 19:04:14,489 INFO c.s.l.LocalListener [TestNG-test-AllCasesHomeWork-1] $("p[class = 'sc-124al1g-4 eeXMBo'].snapshot(16 elements)[10]") get text()
2024-05-30 19:04:14,495 INFO c.s.l.LocalListener [TestNG-test-AllCasesHomeWork-1] $("p[class = 'sc-124al1g-4 eeXMBo'].snapshot(16 elements)[11]") get text()
2024-05-30 19:04:14,501 INFO c.s.l.LocalListener [TestNG-test-AllCasesHomeWork-1] $("p[class = 'sc-124al1g-4 eeXMBo'].snapshot(16 elements)[12]") get text()
2024-05-30 19:04:14,506 INFO c.s.l.LocalListener [TestNG-test-AllCasesHomeWork-1] $("p[class = 'sc-124al1g-4 eeXMBo'].snapshot(16 elements)[13]") get text()
2024-05-30 19:04:14,512 INFO c.s.l.LocalListener [TestNG-test-AllCasesHomeWork-1] $("p[class = 'sc-124al1g-4 eeXMBo'].snapshot(16 elements)[14]") get text()
2024-05-30 19:04:14,519 INFO c.s.l.LocalListener [TestNG-test-AllCasesHomeWork-1] $("p[class = 'sc-124al1g-4 eeXMBo'].snapshot(16 elements)[15]") get text()
2024-05-30 19:04:14,533 INFO c.s.l.LocalListener [TestNG-test-AllCasesHomeWork-1] $("By.xpath: //*[text() = 'Add to cart'][0]") should be([clickable: interactable and enabled, 10 s.])
2024-05-30 19:04:14,628 INFO c.s.l.LocalListener [TestNG-test-AllCasesHomeWork-1] $("p[class = 'sc-11uohgb-2 elbkhN'][0]") should be([visible, 10 s.])
2024-05-30 19:04:14,642 INFO c.s.l.LocalListener [TestNG-test-AllCasesHomeWork-1] $("p[class = 'sc-11uohgb-2 elbkhN'].snapshot(16 elements)[0]") get text()
2024-05-30 19:04:14,648 INFO c.s.l.LocalListener [TestNG-test-AllCasesHomeWork-1] $("p[class = 'sc-11uohgb-2 elbkhN'].snapshot(16 elements)[1]") get text()
2024-05-30 19:04:14,656 INFO c.s.l.LocalListener [TestNG-test-AllCasesHomeWork-1] $("p[class = 'sc-11uohgb-2 elbkhN'].snapshot(16 elements)[2]") get text()
2024-05-30 19:04:14,662 INFO c.s.l.LocalListener [TestNG-test-AllCasesHomeWork-1] $("p[class = 'sc-11uohgb-2 elbkhN'].snapshot(16 elements)[3]") get text()
2024-05-30 19:04:14,669 INFO c.s.l.LocalListener [TestNG-test-AllCasesHomeWork-1] $("p[class = 'sc-11uohgb-2 elbkhN'].snapshot(16 elements)[4]") get text()
2024-05-30 19:04:14,675 INFO c.s.l.LocalListener [TestNG-test-AllCasesHomeWork-1] $("p[class = 'sc-11uohgb-2 elbkhN'].snapshot(16 elements)[5]") get text()
2024-05-30 19:04:14,681 INFO c.s.l.LocalListener [TestNG-test-AllCasesHomeWork-1] $("p[class = 'sc-11uohgb-2 elbkhN'].snapshot(16 elements)[6]") get text()
2024-05-30 19:04:14,687 INFO c.s.l.LocalListener [TestNG-test-AllCasesHomeWork-1] $("p[class = 'sc-11uohgb-2 elbkhN'].snapshot(16 elements)[7]") get text()
2024-05-30 19:04:14,694 INFO c.s.l.LocalListener [TestNG-test-AllCasesHomeWork-1] $("p[class = 'sc-11uohgb-2 elbkhN'].snapshot(16 elements)[8]") get text()
2024-05-30 19:04:14,701 INFO c.s.l.LocalListener [TestNG-test-AllCasesHomeWork-1] $("p[class = 'sc-11uohgb-2 elbkhN'].snapshot(16 elements)[9]") get text()
2024-05-30 19:04:14,707 INFO c.s.l.LocalListener [TestNG-test-AllCasesHomeWork-1] $("p[class = 'sc-11uohgb-2 elbkhN'].snapshot(16 elements)[10]") get text()
2024-05-30 19:04:14,714 INFO c.s.l.LocalListener [TestNG-test-AllCasesHomeWork-1] $("p[class = 'sc-11uohgb-2 elbkhN'].snapshot(16 elements)[11]") get text()
2024-05-30 19:04:14,721 INFO c.s.l.LocalListener [TestNG-test-AllCasesHomeWork-1] $("p[class = 'sc-11uohgb-2 elbkhN'].snapshot(16 elements)[12]") get text()
2024-05-30 19:04:14,727 INFO c.s.l.LocalListener [TestNG-test-AllCasesHomeWork-1] $("p[class = 'sc-11uohgb-2 elbkhN'].snapshot(16 elements)[13]") get text()
2024-05-30 19:04:14,733 INFO c.s.l.LocalListener [TestNG-test-AllCasesHomeWork-1] $("p[class = 'sc-11uohgb-2 elbkhN'].snapshot(16 elements)[14]") get text()
2024-05-30 19:04:14,739 INFO c.s.l.LocalListener [TestNG-test-AllCasesHomeWork-1] $("p[class = 'sc-11uohgb-2 elbkhN'].snapshot(16 elements)[15]") get text()
2024-05-30 19:04:14,821 INFO c.s.l.LocalListener [TestNG-test-AllCasesHomeWork-1] $("webdriver") close()
2024-05-30 19:04:15,370 INFO c.s.l.LocalListener [TestNG-test-AllCasesHomeWork-1] $("webdriver") create()
2024-05-30 19:04:15,964 INFO c.s.l.LocalListener [TestNG-test-AllCasesHomeWork-1] $("open") https://react-shopping-cart-67954.firebaseapp.com/
2024-05-30 19:04:16,190 INFO c.s.l.LocalListener [TestNG-test-AllCasesHomeWork-1] $("p[class = 'sc-124al1g-4 eeXMBo'][0]") should be([visible, 10 s.])
2024-05-30 19:04:16,204 INFO c.s.l.LocalListener [TestNG-test-AllCasesHomeWork-1] $("p[class = 'sc-124al1g-4 eeXMBo'].snapshot(16 elements)[0]") get text()
2024-05-30 19:04:16,211 INFO c.s.l.LocalListener [TestNG-test-AllCasesHomeWork-1] $("p[class = 'sc-124al1g-4 eeXMBo'].snapshot(16 elements)[1]") get text()
2024-05-30 19:04:16,219 INFO c.s.l.LocalListener [TestNG-test-AllCasesHomeWork-1] $("p[class = 'sc-124al1g-4 eeXMBo'].snapshot(16 elements)[2]") get text()
2024-05-30 19:04:16,226 INFO c.s.l.LocalListener [TestNG-test-AllCasesHomeWork-1] $("p[class = 'sc-124al1g-4 eeXMBo'].snapshot(16 elements)[3]") get text()
2024-05-30 19:04:16,232 INFO c.s.l.LocalListener [TestNG-test-AllCasesHomeWork-1] $("p[class = 'sc-124al1g-4 eeXMBo'].snapshot(16 elements)[4]") get text()
2024-05-30 19:04:16,239 INFO c.s.l.LocalListener [TestNG-test-AllCasesHomeWork-1] $("p[class = 'sc-124al1g-4 eeXMBo'].snapshot(16 elements)[5]") get text()
2024-05-30 19:04:16,245 INFO c.s.l.LocalListener [TestNG-test-AllCasesHomeWork-1] $("p[class = 'sc-124al1g-4 eeXMBo'].snapshot(16 elements)[6]") get text()
2024-05-30 19:04:16,251 INFO c.s.l.LocalListener [TestNG-test-AllCasesHomeWork-1] $("p[class = 'sc-124al1g-4 eeXMBo'].snapshot(16 elements)[7]") get text()
2024-05-30 19:04:16,257 INFO c.s.l.LocalListener [TestNG-test-AllCasesHomeWork-1] $("p[class = 'sc-124al1g-4 eeXMBo'].snapshot(16 elements)[8]") get text()
2024-05-30 19:04:16,263 INFO c.s.l.LocalListener [TestNG-test-AllCasesHomeWork-1] $("p[class = 'sc-124al1g-4 eeXMBo'].snapshot(16 elements)[9]") get text()
2024-05-30 19:04:16,269 INFO c.s.l.LocalListener [TestNG-test-AllCasesHomeWork-1] $("p[class = 'sc-124al1g-4 eeXMBo'].snapshot(16 elements)[10]") get text()
2024-05-30 19:04:16,275 INFO c.s.l.LocalListener [TestNG-test-AllCasesHomeWork-1] $("p[class = 'sc-124al1g-4 eeXMBo'].snapshot(16 elements)[11]") get text()
2024-05-30 19:04:16,280 INFO c.s.l.LocalListener [TestNG-test-AllCasesHomeWork-1] $("p[class = 'sc-124al1g-4 eeXMBo'].snapshot(16 elements)[12]") get text()
2024-05-30 19:04:16,286 INFO c.s.l.LocalListener [TestNG-test-AllCasesHomeWork-1] $("p[class = 'sc-124al1g-4 eeXMBo'].snapshot(16 elements)[13]") get text()
2024-05-30 19:04:16,292 INFO c.s.l.LocalListener [TestNG-test-AllCasesHomeWork-1] $("p[class = 'sc-124al1g-4 eeXMBo'].snapshot(16 elements)[14]") get text()
2024-05-30 19:04:16,297 INFO c.s.l.LocalListener [TestNG-test-AllCasesHomeWork-1] $("p[class = 'sc-124al1g-4 eeXMBo'].snapshot(16 elements)[15]") get text()
2024-05-30 19:04:16,310 INFO c.s.l.LocalListener [TestNG-test-AllCasesHomeWork-1] $("By.xpath: //span[@class = 'checkmark'][0]") should be([clickable: interactable and enabled, 10 s.])
2024-05-30 19:04:16,341 INFO c.s.l.LocalListener [TestNG-test-AllCasesHomeWork-1] $("By.xpath: //span[@class = 'checkmark'][1]") click()
2024-05-30 19:04:17,365 INFO c.s.l.LocalListener [TestNG-test-AllCasesHomeWork-1] $("p[class = 'sc-124al1g-4 eeXMBo'][0]") should be([visible, 10 s.])
2024-05-30 19:04:17,375 INFO c.s.l.LocalListener [TestNG-test-AllCasesHomeWork-1] $("p[class = 'sc-124al1g-4 eeXMBo'].snapshot(2 elements)[0]") get text()
2024-05-30 19:04:17,380 INFO c.s.l.LocalListener [TestNG-test-AllCasesHomeWork-1] $("p[class = 'sc-124al1g-4 eeXMBo'].snapshot(2 elements)[1]") get text()
2024-05-30 19:04:17,445 INFO c.s.l.LocalListener [TestNG-test-AllCasesHomeWork-1] $("webdriver") close()
2024-05-30 19:04:17,966 INFO c.s.l.LocalListener [TestNG-test-AllCasesHomeWork-1] $("webdriver") create()
2024-05-30 19:04:18,417 INFO c.s.l.LocalListener [TestNG-test-AllCasesHomeWork-1] $("open") https://react-shopping-cart-67954.firebaseapp.com/
2024-05-30 19:04:18,643 INFO c.s.l.LocalListener [TestNG-test-AllCasesHomeWork-1] $("p[class = 'sc-124al1g-4 eeXMBo'][0]") should be([clickable: interactable and enabled, 10 s.])
2024-05-30 19:04:18,657 INFO c.s.l.LocalListener [TestNG-test-AllCasesHomeWork-1] $("By.xpath: //main[@class ='sc-ebmerl-4 iliWeY']//p") get text()
2024-05-30 19:04:18,670 INFO c.s.l.LocalListener [TestNG-test-AllCasesHomeWork-1] $("By.xpath: //span[@class = 'checkmark'][0]") should be([clickable: interactable and enabled, 10 s.])
2024-05-30 19:04:18,701 INFO c.s.l.LocalListener [TestNG-test-AllCasesHomeWork-1] $("By.xpath: //span[@class = 'checkmark'][1]") click()
2024-05-30 19:04:20,719 INFO c.s.l.LocalListener [TestNG-test-AllCasesHomeWork-1] $("p[class = 'sc-124al1g-4 eeXMBo'][0]") should be([clickable: interactable and enabled, 10 s.])
2024-05-30 19:04:20,728 INFO c.s.l.LocalListener [TestNG-test-AllCasesHomeWork-1] $("By.xpath: //main[@class ='sc-ebmerl-4 iliWeY']//p") get text()
2024-05-30 19:04:20,850 INFO c.s.l.LocalListener [TestNG-test-AllCasesHomeWork-1] $("webdriver") close()
2024-05-30 19:04:21,364 INFO c.s.l.LocalListener [TestNG-test-AllCasesHomeWork-1] $("webdriver") create()
2024-05-30 19:04:21,797 INFO c.s.l.LocalListener [TestNG-test-AllCasesHomeWork-1] $("open") https://react-shopping-cart-67954.firebaseapp.com/
2024-05-30 19:04:22,681 INFO c.s.l.LocalListener [TestNG-test-AllCasesHomeWork-1] $("p[class = 'sc-124al1g-4 eeXMBo'][0]") should be([visible, 10 s.])
2024-05-30 19:04:22,694 INFO c.s.l.LocalListener [TestNG-test-AllCasesHomeWork-1] $("p[class = 'sc-124al1g-4 eeXMBo'][0]") get text()
2024-05-30 19:04:22,707 INFO c.s.l.LocalListener [TestNG-test-AllCasesHomeWork-1] $("By.xpath: //*[text() = 'Add to cart'][0]") should be([clickable: interactable and enabled, 10 s.])
2024-05-30 19:04:22,711 INFO c.s.l.LocalListener [TestNG-test-AllCasesHomeWork-1] $("By.xpath: //*[text() = 'Add to cart'][0]") exists()
2024-05-30 19:04:22,743 INFO c.s.l.LocalListener [TestNG-test-AllCasesHomeWork-1] $("By.xpath: //*[text() = 'Add to cart'][0]") click()
2024-05-30 19:04:23,004 INFO c.s.l.LocalListener [TestNG-test-AllCasesHomeWork-1] $("p[class = 'sc-11uohgb-2 elbkhN'][0]") should be([visible, 10 s.])
2024-05-30 19:04:23,014 INFO c.s.l.LocalListener [TestNG-test-AllCasesHomeWork-1] $("p[class = 'sc-11uohgb-2 elbkhN'][0]") get text()
2024-05-30 19:04:23,094 INFO c.s.l.LocalListener [TestNG-test-AllCasesHomeWork-1] $("webdriver") close()
2024-05-30 19:04:23,624 INFO c.s.l.LocalListener [TestNG-test-AllCasesHomeWork-1] $("webdriver") create()
2024-05-30 19:04:24,031 INFO c.s.l.LocalListener [TestNG-test-AllCasesHomeWork-1] $("open") https://react-shopping-cart-67954.firebaseapp.com/
2024-05-30 19:04:24,049 INFO c.s.l.LocalListener [TestNG-test-AllCasesHomeWork-1] $("By.xpath: //span[@class = 'checkmark'][0]") should be([clickable: interactable and enabled, 10 s.])
2024-05-30 19:04:24,067 INFO c.s.l.LocalListener [TestNG-test-AllCasesHomeWork-1] $("By.xpath: //span[@class = 'checkmark'][0]") get text()
2024-05-30 19:04:24,095 INFO c.s.l.LocalListener [TestNG-test-AllCasesHomeWork-1] $("By.xpath: //span[@class = 'checkmark'][0]") click()
2024-05-30 19:04:24,108 INFO c.s.l.LocalListener [TestNG-test-AllCasesHomeWork-1] $("By.xpath: //span[@class = 'checkmark'][1]") get text()
2024-05-30 19:04:24,120 INFO c.s.l.LocalListener [TestNG-test-AllCasesHomeWork-1] $("By.xpath: //span[@class = 'checkmark'][2]") get text()
2024-05-30 19:04:24,133 INFO c.s.l.LocalListener [TestNG-test-AllCasesHomeWork-1] $("By.xpath: //span[@class = 'checkmark'][3]") get text()
2024-05-30 19:04:24,146 INFO c.s.l.LocalListener [TestNG-test-AllCasesHomeWork-1] $("By.xpath: //span[@class = 'checkmark'][4]") get text()
2024-05-30 19:04:24,159 INFO c.s.l.LocalListener [TestNG-test-AllCasesHomeWork-1] $("By.xpath: //span[@class = 'checkmark'][5]") get text()
2024-05-30 19:04:24,174 INFO c.s.l.LocalListener [TestNG-test-AllCasesHomeWork-1] $("By.xpath: //span[@class = 'checkmark'][6]") get text()
2024-05-30 19:04:25,199 INFO c.s.l.LocalListener [TestNG-test-AllCasesHomeWork-1] $("p[class = 'sc-124al1g-4 eeXMBo'][0]") should be([clickable: interactable and enabled, 10 s.])
2024-05-30 19:04:25,209 INFO c.s.l.LocalListener [TestNG-test-AllCasesHomeWork-1] $("By.xpath: //main[@class ='sc-ebmerl-4 iliWeY']//p") get text()
2024-05-30 19:04:25,218 INFO c.s.l.LocalListener [TestNG-test-AllCasesHomeWork-1] $("p[class = 'sc-124al1g-4 eeXMBo'][0]") should be([clickable: interactable and enabled, 10 s.])
2024-05-30 19:04:25,225 INFO c.s.l.LocalListener [TestNG-test-AllCasesHomeWork-1] $("By.xpath: //main[@class ='sc-ebmerl-4 iliWeY']//p") get text()
2024-05-30 19:04:25,290 INFO c.s.l.LocalListener [TestNG-test-AllCasesHomeWork-1] $("webdriver") close()
2024-05-30 19:04:25,817 INFO c.s.l.LocalListener [TestNG-test-AllCasesHomeWork-1] $("webdriver") create()
2024-05-30 19:04:26,204 INFO c.s.l.LocalListener [TestNG-test-AllCasesHomeWork-1] $("open") https://react-shopping-cart-67954.firebaseapp.com/
2024-05-30 19:04:26,220 INFO c.s.l.LocalListener [TestNG-test-AllCasesHomeWork-1] $("By.xpath: //span[@class = 'checkmark'][0]") should be([clickable: interactable and enabled, 10 s.])
2024-05-30 19:04:26,237 INFO c.s.l.LocalListener [TestNG-test-AllCasesHomeWork-1] $("By.xpath: //span[@class = 'checkmark'][0]") get text()
2024-05-30 19:04:26,249 INFO c.s.l.LocalListener [TestNG-test-AllCasesHomeWork-1] $("By.xpath: //span[@class = 'checkmark'][1]") get text()
2024-05-30 19:04:26,278 INFO c.s.l.LocalListener [TestNG-test-AllCasesHomeWork-1] $("By.xpath: //span[@class = 'checkmark'][1]") click()
2024-05-30 19:04:26,291 INFO c.s.l.LocalListener [TestNG-test-AllCasesHomeWork-1] $("By.xpath: //span[@class = 'checkmark'][2]") get text()
2024-05-30 19:04:26,303 INFO c.s.l.LocalListener [TestNG-test-AllCasesHomeWork-1] $("By.xpath: //span[@class = 'checkmark'][3]") get text()
2024-05-30 19:04:26,315 INFO c.s.l.LocalListener [TestNG-test-AllCasesHomeWork-1] $("By.xpath: //span[@class = 'checkmark'][4]") get text()
2024-05-30 19:04:26,326 INFO c.s.l.LocalListener [TestNG-test-AllCasesHomeWork-1] $("By.xpath: //span[@class = 'checkmark'][5]") get text()
2024-05-30 19:04:26,339 INFO c.s.l.LocalListener [TestNG-test-AllCasesHomeWork-1] $("By.xpath: //span[@class = 'checkmark'][6]") get text()
2024-05-30 19:04:27,354 INFO c.s.l.LocalListener [TestNG-test-AllCasesHomeWork-1] $("p[class = 'sc-124al1g-4 eeXMBo'][0]") should be([clickable: interactable and enabled, 10 s.])
2024-05-30 19:04:27,364 INFO c.s.l.LocalListener [TestNG-test-AllCasesHomeWork-1] $("By.xpath: //main[@class ='sc-ebmerl-4 iliWeY']//p") get text()
2024-05-30 19:04:27,372 INFO c.s.l.LocalListener [TestNG-test-AllCasesHomeWork-1] $("p[class = 'sc-124al1g-4 eeXMBo'][0]") should be([clickable: interactable and enabled, 10 s.])
2024-05-30 19:04:27,381 INFO c.s.l.LocalListener [TestNG-test-AllCasesHomeWork-1] $("By.xpath: //main[@class ='sc-ebmerl-4 iliWeY']//p") get text()
2024-05-30 19:04:27,435 INFO c.s.l.LocalListener [TestNG-test-AllCasesHomeWork-1] $("webdriver") close()
2024-05-30 19:04:27,996 INFO c.s.l.LocalListener [TestNG-test-AllCasesHomeWork-1] $("webdriver") create()
2024-05-30 19:04:28,411 INFO c.s.l.LocalListener [TestNG-test-AllCasesHomeWork-1] $("open") https://react-shopping-cart-67954.firebaseapp.com/
2024-05-30 19:04:28,425 INFO c.s.l.LocalListener [TestNG-test-AllCasesHomeWork-1] $("By.xpath: //span[@class = 'checkmark'][0]") should be([clickable: interactable and enabled, 10 s.])
2024-05-30 19:04:28,443 INFO c.s.l.LocalListener [TestNG-test-AllCasesHomeWork-1] $("By.xpath: //span[@class = 'checkmark'][0]") get text()
2024-05-30 19:04:28,456 INFO c.s.l.LocalListener [TestNG-test-AllCasesHomeWork-1] $("By.xpath: //span[@class = 'checkmark'][1]") get text()
2024-05-30 19:04:28,468 INFO c.s.l.LocalListener [TestNG-test-AllCasesHomeWork-1] $("By.xpath: //span[@class = 'checkmark'][2]") get text()
2024-05-30 19:04:28,495 INFO c.s.l.LocalListener [TestNG-test-AllCasesHomeWork-1] $("By.xpath: //span[@class = 'checkmark'][2]") click()
2024-05-30 19:04:28,508 INFO c.s.l.LocalListener [TestNG-test-AllCasesHomeWork-1] $("By.xpath: //span[@class = 'checkmark'][3]") get text()
2024-05-30 19:04:28,520 INFO c.s.l.LocalListener [TestNG-test-AllCasesHomeWork-1] $("By.xpath: //span[@class = 'checkmark'][4]") get text()
2024-05-30 19:04:28,532 INFO c.s.l.LocalListener [TestNG-test-AllCasesHomeWork-1] $("By.xpath: //span[@class = 'checkmark'][5]") get text()
2024-05-30 19:04:28,545 INFO c.s.l.LocalListener [TestNG-test-AllCasesHomeWork-1] $("By.xpath: //span[@class = 'checkmark'][6]") get text()
2024-05-30 19:04:29,580 INFO c.s.l.LocalListener [TestNG-test-AllCasesHomeWork-1] $("p[class = 'sc-124al1g-4 eeXMBo'][0]") should be([clickable: interactable and enabled, 10 s.])
2024-05-30 19:04:29,590 INFO c.s.l.LocalListener [TestNG-test-AllCasesHomeWork-1] $("By.xpath: //main[@class ='sc-ebmerl-4 iliWeY']//p") get text()
2024-05-30 19:04:29,599 INFO c.s.l.LocalListener [TestNG-test-AllCasesHomeWork-1] $("p[class = 'sc-124al1g-4 eeXMBo'][0]") should be([clickable: interactable and enabled, 10 s.])
2024-05-30 19:04:29,609 INFO c.s.l.LocalListener [TestNG-test-AllCasesHomeWork-1] $("By.xpath: //main[@class ='sc-ebmerl-4 iliWeY']//p") get text()
2024-05-30 19:04:29,682 INFO c.s.l.LocalListener [TestNG-test-AllCasesHomeWork-1] $("webdriver") close()
2024-05-30 19:04:30,212 INFO c.s.l.LocalListener [TestNG-test-AllCasesHomeWork-1] $("webdriver") create()
2024-05-30 19:04:30,620 INFO c.s.l.LocalListener [TestNG-test-AllCasesHomeWork-1] $("open") https://react-shopping-cart-67954.firebaseapp.com/
2024-05-30 19:04:30,635 INFO c.s.l.LocalListener [TestNG-test-AllCasesHomeWork-1] $("By.xpath: //span[@class = 'checkmark'][0]") should be([clickable: interactable and enabled, 10 s.])
2024-05-30 19:04:30,652 INFO c.s.l.LocalListener [TestNG-test-AllCasesHomeWork-1] $("By.xpath: //span[@class = 'checkmark'][0]") get text()
2024-05-30 19:04:30,664 INFO c.s.l.LocalListener [TestNG-test-AllCasesHomeWork-1] $("By.xpath: //span[@class = 'checkmark'][1]") get text()
2024-05-30 19:04:30,677 INFO c.s.l.LocalListener [TestNG-test-AllCasesHomeWork-1] $("By.xpath: //span[@class = 'checkmark'][2]") get text()
2024-05-30 19:04:30,688 INFO c.s.l.LocalListener [TestNG-test-AllCasesHomeWork-1] $("By.xpath: //span[@class = 'checkmark'][3]") get text()
2024-05-30 19:04:30,715 INFO c.s.l.LocalListener [TestNG-test-AllCasesHomeWork-1] $("By.xpath: //span[@class = 'checkmark'][3]") click()
2024-05-30 19:04:30,728 INFO c.s.l.LocalListener [TestNG-test-AllCasesHomeWork-1] $("By.xpath: //span[@class = 'checkmark'][4]") get text()
2024-05-30 19:04:30,740 INFO c.s.l.LocalListener [TestNG-test-AllCasesHomeWork-1] $("By.xpath: //span[@class = 'checkmark'][5]") get text()
2024-05-30 19:04:30,752 INFO c.s.l.LocalListener [TestNG-test-AllCasesHomeWork-1] $("By.xpath: //span[@class = 'checkmark'][6]") get text()
2024-05-30 19:04:31,773 INFO c.s.l.LocalListener [TestNG-test-AllCasesHomeWork-1] $("p[class = 'sc-124al1g-4 eeXMBo'][0]") should be([clickable: interactable and enabled, 10 s.])
2024-05-30 19:04:31,783 INFO c.s.l.LocalListener [TestNG-test-AllCasesHomeWork-1] $("By.xpath: //main[@class ='sc-ebmerl-4 iliWeY']//p") get text()
2024-05-30 19:04:31,791 INFO c.s.l.LocalListener [TestNG-test-AllCasesHomeWork-1] $("p[class = 'sc-124al1g-4 eeXMBo'][0]") should be([clickable: interactable and enabled, 10 s.])
2024-05-30 19:04:31,799 INFO c.s.l.LocalListener [TestNG-test-AllCasesHomeWork-1] $("By.xpath: //main[@class ='sc-ebmerl-4 iliWeY']//p") get text()
2024-05-30 19:04:31,871 INFO c.s.l.LocalListener [TestNG-test-AllCasesHomeWork-1] $("webdriver") close()
2024-05-30 19:04:32,706 INFO c.s.l.LocalListener [TestNG-test-AllCasesHomeWork-1] $("webdriver") create()
2024-05-30 19:04:33,179 INFO c.s.l.LocalListener [TestNG-test-AllCasesHomeWork-1] $("open") https://react-shopping-cart-67954.firebaseapp.com/
2024-05-30 19:04:33,195 INFO c.s.l.LocalListener [TestNG-test-AllCasesHomeWork-1] $("By.xpath: //span[@class = 'checkmark'][0]") should be([clickable: interactable and enabled, 10 s.])
2024-05-30 19:04:33,212 INFO c.s.l.LocalListener [TestNG-test-AllCasesHomeWork-1] $("By.xpath: //span[@class = 'checkmark'][0]") get text()
2024-05-30 19:04:33,223 INFO c.s.l.LocalListener [TestNG-test-AllCasesHomeWork-1] $("By.xpath: //span[@class = 'checkmark'][1]") get text()
2024-05-30 19:04:33,235 INFO c.s.l.LocalListener [TestNG-test-AllCasesHomeWork-1] $("By.xpath: //span[@class = 'checkmark'][2]") get text()
2024-05-30 19:04:33,246 INFO c.s.l.LocalListener [TestNG-test-AllCasesHomeWork-1] $("By.xpath: //span[@class = 'checkmark'][3]") get text()
2024-05-30 19:04:33,257 INFO c.s.l.LocalListener [TestNG-test-AllCasesHomeWork-1] $("By.xpath: //span[@class = 'checkmark'][4]") get text()
2024-05-30 19:04:33,283 INFO c.s.l.LocalListener [TestNG-test-AllCasesHomeWork-1] $("By.xpath: //span[@class = 'checkmark'][4]") click()
2024-05-30 19:04:33,295 INFO c.s.l.LocalListener [TestNG-test-AllCasesHomeWork-1] $("By.xpath: //span[@class = 'checkmark'][5]") get text()
2024-05-30 19:04:33,306 INFO c.s.l.LocalListener [TestNG-test-AllCasesHomeWork-1] $("By.xpath: //span[@class = 'checkmark'][6]") get text()
2024-05-30 19:04:34,340 INFO c.s.l.LocalListener [TestNG-test-AllCasesHomeWork-1] $("p[class = 'sc-124al1g-4 eeXMBo'][0]") should be([clickable: interactable and enabled, 10 s.])
2024-05-30 19:04:34,350 INFO c.s.l.LocalListener [TestNG-test-AllCasesHomeWork-1] $("By.xpath: //main[@class ='sc-ebmerl-4 iliWeY']//p") get text()
2024-05-30 19:04:34,359 INFO c.s.l.LocalListener [TestNG-test-AllCasesHomeWork-1] $("p[class = 'sc-124al1g-4 eeXMBo'][0]") should be([clickable: interactable and enabled, 10 s.])
2024-05-30 19:04:34,367 INFO c.s.l.LocalListener [TestNG-test-AllCasesHomeWork-1] $("By.xpath: //main[@class ='sc-ebmerl-4 iliWeY']//p") get text()
2024-05-30 19:04:34,443 INFO c.s.l.LocalListener [TestNG-test-AllCasesHomeWork-1] $("webdriver") close()
2024-05-30 19:04:34,987 INFO c.s.l.LocalListener [TestNG-test-AllCasesHomeWork-1] $("webdriver") create()
2024-05-30 19:04:35,432 INFO c.s.l.LocalListener [TestNG-test-AllCasesHomeWork-1] $("open") https://react-shopping-cart-67954.firebaseapp.com/
2024-05-30 19:04:35,446 INFO c.s.l.LocalListener [TestNG-test-AllCasesHomeWork-1] $("By.xpath: //span[@class = 'checkmark'][0]") should be([clickable: interactable and enabled, 10 s.])
2024-05-30 19:04:35,463 INFO c.s.l.LocalListener [TestNG-test-AllCasesHomeWork-1] $("By.xpath: //span[@class = 'checkmark'][0]") get text()
2024-05-30 19:04:35,474 INFO c.s.l.LocalListener [TestNG-test-AllCasesHomeWork-1] $("By.xpath: //span[@class = 'checkmark'][1]") get text()
2024-05-30 19:04:35,488 INFO c.s.l.LocalListener [TestNG-test-AllCasesHomeWork-1] $("By.xpath: //span[@class = 'checkmark'][2]") get text()
2024-05-30 19:04:35,499 INFO c.s.l.LocalListener [TestNG-test-AllCasesHomeWork-1] $("By.xpath: //span[@class = 'checkmark'][3]") get text()
2024-05-30 19:04:35,511 INFO c.s.l.LocalListener [TestNG-test-AllCasesHomeWork-1] $("By.xpath: //span[@class = 'checkmark'][4]") get text()
2024-05-30 19:04:35,522 INFO c.s.l.LocalListener [TestNG-test-AllCasesHomeWork-1] $("By.xpath: //span[@class = 'checkmark'][5]") get text()
2024-05-30 19:04:35,552 INFO c.s.l.LocalListener [TestNG-test-AllCasesHomeWork-1] $("By.xpath: //span[@class = 'checkmark'][5]") click()
2024-05-30 19:04:35,576 INFO c.s.l.LocalListener [TestNG-test-AllCasesHomeWork-1] $("By.xpath: //span[@class = 'checkmark'][6]") get text()
2024-05-30 19:04:36,600 INFO c.s.l.LocalListener [TestNG-test-AllCasesHomeWork-1] $("p[class = 'sc-124al1g-4 eeXMBo'][0]") should be([clickable: interactable and enabled, 10 s.])
2024-05-30 19:04:36,610 INFO c.s.l.LocalListener [TestNG-test-AllCasesHomeWork-1] $("By.xpath: //main[@class ='sc-ebmerl-4 iliWeY']//p") get text()
2024-05-30 19:04:36,618 INFO c.s.l.LocalListener [TestNG-test-AllCasesHomeWork-1] $("p[class = 'sc-124al1g-4 eeXMBo'][0]") should be([clickable: interactable and enabled, 10 s.])
2024-05-30 19:04:36,626 INFO c.s.l.LocalListener [TestNG-test-AllCasesHomeWork-1] $("By.xpath: //main[@class ='sc-ebmerl-4 iliWeY']//p") get text()
2024-05-30 19:04:36,698 INFO c.s.l.LocalListener [TestNG-test-AllCasesHomeWork-1] $("webdriver") close()
2024-05-30 19:04:37,241 INFO c.s.l.LocalListener [TestNG-test-AllCasesHomeWork-1] $("webdriver") create()
2024-05-30 19:04:37,641 INFO c.s.l.LocalListener [TestNG-test-AllCasesHomeWork-1] $("open") https://react-shopping-cart-67954.firebaseapp.com/
2024-05-30 19:04:37,656 INFO c.s.l.LocalListener [TestNG-test-AllCasesHomeWork-1] $("By.xpath: //span[@class = 'checkmark'][0]") should be([clickable: interactable and enabled, 10 s.])
2024-05-30 19:04:37,673 INFO c.s.l.LocalListener [TestNG-test-AllCasesHomeWork-1] $("By.xpath: //span[@class = 'checkmark'][0]") get text()
2024-05-30 19:04:37,684 INFO c.s.l.LocalListener [TestNG-test-AllCasesHomeWork-1] $("By.xpath: //span[@class = 'checkmark'][1]") get text()
2024-05-30 19:04:37,697 INFO c.s.l.LocalListener [TestNG-test-AllCasesHomeWork-1] $("By.xpath: //span[@class = 'checkmark'][2]") get text()
2024-05-30 19:04:37,709 INFO c.s.l.LocalListener [TestNG-test-AllCasesHomeWork-1] $("By.xpath: //span[@class = 'checkmark'][3]") get text()
2024-05-30 19:04:37,720 INFO c.s.l.LocalListener [TestNG-test-AllCasesHomeWork-1] $("By.xpath: //span[@class = 'checkmark'][4]") get text()
2024-05-30 19:04:37,731 INFO c.s.l.LocalListener [TestNG-test-AllCasesHomeWork-1] $("By.xpath: //span[@class = 'checkmark'][5]") get text()
2024-05-30 19:04:37,744 INFO c.s.l.LocalListener [TestNG-test-AllCasesHomeWork-1] $("By.xpath: //span[@class = 'checkmark'][6]") get text()
2024-05-30 19:04:37,771 INFO c.s.l.LocalListener [TestNG-test-AllCasesHomeWork-1] $("By.xpath: //span[@class = 'checkmark'][6]") click()
2024-05-30 19:04:38,794 INFO c.s.l.LocalListener [TestNG-test-AllCasesHomeWork-1] $("p[class = 'sc-124al1g-4 eeXMBo'][0]") should be([clickable: interactable and enabled, 10 s.])
2024-05-30 19:04:38,803 INFO c.s.l.LocalListener [TestNG-test-AllCasesHomeWork-1] $("By.xpath: //main[@class ='sc-ebmerl-4 iliWeY']//p") get text()
2024-05-30 19:04:38,811 INFO c.s.l.LocalListener [TestNG-test-AllCasesHomeWork-1] $("p[class = 'sc-124al1g-4 eeXMBo'][0]") should be([clickable: interactable and enabled, 10 s.])
2024-05-30 19:04:38,820 INFO c.s.l.LocalListener [TestNG-test-AllCasesHomeWork-1] $("By.xpath: //main[@class ='sc-ebmerl-4 iliWeY']//p") get text()
2024-05-30 19:04:38,890 INFO c.s.l.LocalListener [TestNG-test-AllCasesHomeWork-1] $("webdriver") close()
