2024-05-30 18:50:21,399 INFO c.s.l.LocalListener [TestNG-test-AllCasesHomeWork-1] $("webdriver") create()
2024-05-30 18:50:21,908 INFO c.s.l.LocalListener [TestNG-test-AllCasesHomeWork-1] $("open") https://react-shopping-cart-67954.firebaseapp.com/
2024-05-30 18:50:22,178 INFO c.s.l.LocalListener [TestNG-test-AllCasesHomeWork-1] $("p[class = 'sc-124al1g-4 eeXMBo'][0]") should be([visible, 10 s.])
2024-05-30 18:50:22,192 INFO c.s.l.LocalListener [TestNG-test-AllCasesHomeWork-1] $("p[class = 'sc-124al1g-4 eeXMBo'].snapshot(16 elements)[0]") get text()
2024-05-30 18:50:22,199 INFO c.s.l.LocalListener [TestNG-test-AllCasesHomeWork-1] $("p[class = 'sc-124al1g-4 eeXMBo'].snapshot(16 elements)[1]") get text()
2024-05-30 18:50:22,205 INFO c.s.l.LocalListener [TestNG-test-AllCasesHomeWork-1] $("p[class = 'sc-124al1g-4 eeXMBo'].snapshot(16 elements)[2]") get text()
2024-05-30 18:50:22,212 INFO c.s.l.LocalListener [TestNG-test-AllCasesHomeWork-1] $("p[class = 'sc-124al1g-4 eeXMBo'].snapshot(16 elements)[3]") get text()
2024-05-30 18:50:22,220 INFO c.s.l.LocalListener [TestNG-test-AllCasesHomeWork-1] $("p[class = 'sc-124al1g-4 eeXMBo'].snapshot(16 elements)[4]") get text()
2024-05-30 18:50:22,227 INFO c.s.l.LocalListener [TestNG-test-AllCasesHomeWork-1] $("p[class = 'sc-124al1g-4 eeXMBo'].snapshot(16 elements)[5]") get text()
2024-05-30 18:50:22,239 INFO c.s.l.LocalListener [TestNG-test-AllCasesHomeWork-1] $("p[class = 'sc-124al1g-4 eeXMBo'].snapshot(16 elements)[6]") get text()
2024-05-30 18:50:22,246 INFO c.s.l.LocalListener [TestNG-test-AllCasesHomeWork-1] $("p[class = 'sc-124al1g-4 eeXMBo'].snapshot(16 elements)[7]") get text()
2024-05-30 18:50:22,252 INFO c.s.l.LocalListener [TestNG-test-AllCasesHomeWork-1] $("p[class = 'sc-124al1g-4 eeXMBo'].snapshot(16 elements)[8]") get text()
2024-05-30 18:50:22,258 INFO c.s.l.LocalListener [TestNG-test-AllCasesHomeWork-1] $("p[class = 'sc-124al1g-4 eeXMBo'].snapshot(16 elements)[9]") get text()
2024-05-30 18:50:22,266 INFO c.s.l.LocalListener [TestNG-test-AllCasesHomeWork-1] $("p[class = 'sc-124al1g-4 eeXMBo'].snapshot(16 elements)[10]") get text()
2024-05-30 18:50:22,272 INFO c.s.l.LocalListener [TestNG-test-AllCasesHomeWork-1] $("p[class = 'sc-124al1g-4 eeXMBo'].snapshot(16 elements)[11]") get text()
2024-05-30 18:50:22,278 INFO c.s.l.LocalListener [TestNG-test-AllCasesHomeWork-1] $("p[class = 'sc-124al1g-4 eeXMBo'].snapshot(16 elements)[12]") get text()
2024-05-30 18:50:22,284 INFO c.s.l.LocalListener [TestNG-test-AllCasesHomeWork-1] $("p[class = 'sc-124al1g-4 eeXMBo'].snapshot(16 elements)[13]") get text()
2024-05-30 18:50:22,290 INFO c.s.l.LocalListener [TestNG-test-AllCasesHomeWork-1] $("p[class = 'sc-124al1g-4 eeXMBo'].snapshot(16 elements)[14]") get text()
2024-05-30 18:50:22,297 INFO c.s.l.LocalListener [TestNG-test-AllCasesHomeWork-1] $("p[class = 'sc-124al1g-4 eeXMBo'].snapshot(16 elements)[15]") get text()
2024-05-30 18:50:22,312 INFO c.s.l.LocalListener [TestNG-test-AllCasesHomeWork-1] $("By.xpath: //*[text() = 'Add to cart'][0]") should be([clickable: interactable and enabled, 10 s.])
2024-05-30 18:50:22,405 INFO c.s.l.LocalListener [TestNG-test-AllCasesHomeWork-1] $("p[class = 'sc-11uohgb-2 elbkhN'][0]") should be([visible, 10 s.])
2024-05-30 18:50:22,419 INFO c.s.l.LocalListener [TestNG-test-AllCasesHomeWork-1] $("p[class = 'sc-11uohgb-2 elbkhN'].snapshot(16 elements)[0]") get text()
2024-05-30 18:50:22,426 INFO c.s.l.LocalListener [TestNG-test-AllCasesHomeWork-1] $("p[class = 'sc-11uohgb-2 elbkhN'].snapshot(16 elements)[1]") get text()
2024-05-30 18:50:22,432 INFO c.s.l.LocalListener [TestNG-test-AllCasesHomeWork-1] $("p[class = 'sc-11uohgb-2 elbkhN'].snapshot(16 elements)[2]") get text()
2024-05-30 18:50:22,439 INFO c.s.l.LocalListener [TestNG-test-AllCasesHomeWork-1] $("p[class = 'sc-11uohgb-2 elbkhN'].snapshot(16 elements)[3]") get text()
2024-05-30 18:50:22,446 INFO c.s.l.LocalListener [TestNG-test-AllCasesHomeWork-1] $("p[class = 'sc-11uohgb-2 elbkhN'].snapshot(16 elements)[4]") get text()
2024-05-30 18:50:22,453 INFO c.s.l.LocalListener [TestNG-test-AllCasesHomeWork-1] $("p[class = 'sc-11uohgb-2 elbkhN'].snapshot(16 elements)[5]") get text()
2024-05-30 18:50:22,459 INFO c.s.l.LocalListener [TestNG-test-AllCasesHomeWork-1] $("p[class = 'sc-11uohgb-2 elbkhN'].snapshot(16 elements)[6]") get text()
2024-05-30 18:50:22,465 INFO c.s.l.LocalListener [TestNG-test-AllCasesHomeWork-1] $("p[class = 'sc-11uohgb-2 elbkhN'].snapshot(16 elements)[7]") get text()
2024-05-30 18:50:22,471 INFO c.s.l.LocalListener [TestNG-test-AllCasesHomeWork-1] $("p[class = 'sc-11uohgb-2 elbkhN'].snapshot(16 elements)[8]") get text()
2024-05-30 18:50:22,478 INFO c.s.l.LocalListener [TestNG-test-AllCasesHomeWork-1] $("p[class = 'sc-11uohgb-2 elbkhN'].snapshot(16 elements)[9]") get text()
2024-05-30 18:50:22,485 INFO c.s.l.LocalListener [TestNG-test-AllCasesHomeWork-1] $("p[class = 'sc-11uohgb-2 elbkhN'].snapshot(16 elements)[10]") get text()
2024-05-30 18:50:22,492 INFO c.s.l.LocalListener [TestNG-test-AllCasesHomeWork-1] $("p[class = 'sc-11uohgb-2 elbkhN'].snapshot(16 elements)[11]") get text()
2024-05-30 18:50:22,499 INFO c.s.l.LocalListener [TestNG-test-AllCasesHomeWork-1] $("p[class = 'sc-11uohgb-2 elbkhN'].snapshot(16 elements)[12]") get text()
2024-05-30 18:50:22,504 INFO c.s.l.LocalListener [TestNG-test-AllCasesHomeWork-1] $("p[class = 'sc-11uohgb-2 elbkhN'].snapshot(16 elements)[13]") get text()
2024-05-30 18:50:22,511 INFO c.s.l.LocalListener [TestNG-test-AllCasesHomeWork-1] $("p[class = 'sc-11uohgb-2 elbkhN'].snapshot(16 elements)[14]") get text()
2024-05-30 18:50:22,517 INFO c.s.l.LocalListener [TestNG-test-AllCasesHomeWork-1] $("p[class = 'sc-11uohgb-2 elbkhN'].snapshot(16 elements)[15]") get text()
2024-05-30 18:50:22,590 INFO c.s.l.LocalListener [TestNG-test-AllCasesHomeWork-1] $("webdriver") close()
2024-05-30 18:50:23,119 INFO c.s.l.LocalListener [TestNG-test-AllCasesHomeWork-1] $("webdriver") create()
2024-05-30 18:50:23,527 INFO c.s.l.LocalListener [TestNG-test-AllCasesHomeWork-1] $("open") https://react-shopping-cart-67954.firebaseapp.com/
2024-05-30 18:50:23,749 INFO c.s.l.LocalListener [TestNG-test-AllCasesHomeWork-1] $("p[class = 'sc-124al1g-4 eeXMBo'][0]") should be([visible, 10 s.])
2024-05-30 18:50:23,764 INFO c.s.l.LocalListener [TestNG-test-AllCasesHomeWork-1] $("p[class = 'sc-124al1g-4 eeXMBo'].snapshot(16 elements)[0]") get text()
2024-05-30 18:50:23,770 INFO c.s.l.LocalListener [TestNG-test-AllCasesHomeWork-1] $("p[class = 'sc-124al1g-4 eeXMBo'].snapshot(16 elements)[1]") get text()
2024-05-30 18:50:23,777 INFO c.s.l.LocalListener [TestNG-test-AllCasesHomeWork-1] $("p[class = 'sc-124al1g-4 eeXMBo'].snapshot(16 elements)[2]") get text()
2024-05-30 18:50:23,783 INFO c.s.l.LocalListener [TestNG-test-AllCasesHomeWork-1] $("p[class = 'sc-124al1g-4 eeXMBo'].snapshot(16 elements)[3]") get text()
2024-05-30 18:50:23,788 INFO c.s.l.LocalListener [TestNG-test-AllCasesHomeWork-1] $("p[class = 'sc-124al1g-4 eeXMBo'].snapshot(16 elements)[4]") get text()
2024-05-30 18:50:23,795 INFO c.s.l.LocalListener [TestNG-test-AllCasesHomeWork-1] $("p[class = 'sc-124al1g-4 eeXMBo'].snapshot(16 elements)[5]") get text()
2024-05-30 18:50:23,801 INFO c.s.l.LocalListener [TestNG-test-AllCasesHomeWork-1] $("p[class = 'sc-124al1g-4 eeXMBo'].snapshot(16 elements)[6]") get text()
2024-05-30 18:50:23,806 INFO c.s.l.LocalListener [TestNG-test-AllCasesHomeWork-1] $("p[class = 'sc-124al1g-4 eeXMBo'].snapshot(16 elements)[7]") get text()
2024-05-30 18:50:23,812 INFO c.s.l.LocalListener [TestNG-test-AllCasesHomeWork-1] $("p[class = 'sc-124al1g-4 eeXMBo'].snapshot(16 elements)[8]") get text()
2024-05-30 18:50:23,818 INFO c.s.l.LocalListener [TestNG-test-AllCasesHomeWork-1] $("p[class = 'sc-124al1g-4 eeXMBo'].snapshot(16 elements)[9]") get text()
2024-05-30 18:50:23,825 INFO c.s.l.LocalListener [TestNG-test-AllCasesHomeWork-1] $("p[class = 'sc-124al1g-4 eeXMBo'].snapshot(16 elements)[10]") get text()
2024-05-30 18:50:23,830 INFO c.s.l.LocalListener [TestNG-test-AllCasesHomeWork-1] $("p[class = 'sc-124al1g-4 eeXMBo'].snapshot(16 elements)[11]") get text()
2024-05-30 18:50:23,836 INFO c.s.l.LocalListener [TestNG-test-AllCasesHomeWork-1] $("p[class = 'sc-124al1g-4 eeXMBo'].snapshot(16 elements)[12]") get text()
2024-05-30 18:50:23,842 INFO c.s.l.LocalListener [TestNG-test-AllCasesHomeWork-1] $("p[class = 'sc-124al1g-4 eeXMBo'].snapshot(16 elements)[13]") get text()
2024-05-30 18:50:23,847 INFO c.s.l.LocalListener [TestNG-test-AllCasesHomeWork-1] $("p[class = 'sc-124al1g-4 eeXMBo'].snapshot(16 elements)[14]") get text()
2024-05-30 18:50:23,852 INFO c.s.l.LocalListener [TestNG-test-AllCasesHomeWork-1] $("p[class = 'sc-124al1g-4 eeXMBo'].snapshot(16 elements)[15]") get text()
2024-05-30 18:50:23,865 INFO c.s.l.LocalListener [TestNG-test-AllCasesHomeWork-1] $("By.xpath: //span[@class = 'checkmark'][0]") should be([clickable: interactable and enabled, 10 s.])
2024-05-30 18:50:23,896 INFO c.s.l.LocalListener [TestNG-test-AllCasesHomeWork-1] $("By.xpath: //span[@class = 'checkmark'][1]") click()
2024-05-30 18:50:24,926 INFO c.s.l.LocalListener [TestNG-test-AllCasesHomeWork-1] $("p[class = 'sc-124al1g-4 eeXMBo'][0]") should be([visible, 10 s.])
2024-05-30 18:50:24,936 INFO c.s.l.LocalListener [TestNG-test-AllCasesHomeWork-1] $("p[class = 'sc-124al1g-4 eeXMBo'].snapshot(2 elements)[0]") get text()
2024-05-30 18:50:24,942 INFO c.s.l.LocalListener [TestNG-test-AllCasesHomeWork-1] $("p[class = 'sc-124al1g-4 eeXMBo'].snapshot(2 elements)[1]") get text()
2024-05-30 18:50:25,019 INFO c.s.l.LocalListener [TestNG-test-AllCasesHomeWork-1] $("webdriver") close()
2024-05-30 18:50:25,674 INFO c.s.l.LocalListener [TestNG-test-AllCasesHomeWork-1] $("webdriver") create()
2024-05-30 18:50:26,074 INFO c.s.l.LocalListener [TestNG-test-AllCasesHomeWork-1] $("open") https://react-shopping-cart-67954.firebaseapp.com/
2024-05-30 18:50:26,314 INFO c.s.l.LocalListener [TestNG-test-AllCasesHomeWork-1] $("p[class = 'sc-124al1g-4 eeXMBo'][0]") should be([clickable: interactable and enabled, 10 s.])
2024-05-30 18:50:26,328 INFO c.s.l.LocalListener [TestNG-test-AllCasesHomeWork-1] $("By.xpath: //main[@class ='sc-ebmerl-4 iliWeY']//p") get text()
2024-05-30 18:50:26,342 INFO c.s.l.LocalListener [TestNG-test-AllCasesHomeWork-1] $("By.xpath: //span[@class = 'checkmark'][0]") should be([clickable: interactable and enabled, 10 s.])
2024-05-30 18:50:26,372 INFO c.s.l.LocalListener [TestNG-test-AllCasesHomeWork-1] $("By.xpath: //span[@class = 'checkmark'][1]") click()
2024-05-30 18:50:28,394 INFO c.s.l.LocalListener [TestNG-test-AllCasesHomeWork-1] $("p[class = 'sc-124al1g-4 eeXMBo'][0]") should be([clickable: interactable and enabled, 10 s.])
2024-05-30 18:50:28,403 INFO c.s.l.LocalListener [TestNG-test-AllCasesHomeWork-1] $("By.xpath: //main[@class ='sc-ebmerl-4 iliWeY']//p") get text()
2024-05-30 18:50:28,493 INFO c.s.l.LocalListener [TestNG-test-AllCasesHomeWork-1] $("webdriver") close()
2024-05-30 18:50:29,007 INFO c.s.l.LocalListener [TestNG-test-AllCasesHomeWork-1] $("webdriver") create()
2024-05-30 18:50:29,401 INFO c.s.l.LocalListener [TestNG-test-AllCasesHomeWork-1] $("open") https://react-shopping-cart-67954.firebaseapp.com/
2024-05-30 18:50:29,629 INFO c.s.l.LocalListener [TestNG-test-AllCasesHomeWork-1] $("p[class = 'sc-124al1g-4 eeXMBo'][0]") should be([visible, 10 s.])
2024-05-30 18:50:29,641 INFO c.s.l.LocalListener [TestNG-test-AllCasesHomeWork-1] $("p[class = 'sc-124al1g-4 eeXMBo'][0]") get text()
2024-05-30 18:50:29,655 INFO c.s.l.LocalListener [TestNG-test-AllCasesHomeWork-1] $("By.xpath: //*[text() = 'Add to cart'][0]") should be([clickable: interactable and enabled, 10 s.])
2024-05-30 18:50:29,660 INFO c.s.l.LocalListener [TestNG-test-AllCasesHomeWork-1] $("By.xpath: //*[text() = 'Add to cart'][0]") exists()
2024-05-30 18:50:29,696 INFO c.s.l.LocalListener [TestNG-test-AllCasesHomeWork-1] $("By.xpath: //*[text() = 'Add to cart'][0]") click()
2024-05-30 18:50:29,935 INFO c.s.l.LocalListener [TestNG-test-AllCasesHomeWork-1] $("p[class = 'sc-11uohgb-2 elbkhN'][0]") should be([visible, 10 s.])
2024-05-30 18:50:29,943 INFO c.s.l.LocalListener [TestNG-test-AllCasesHomeWork-1] $("p[class = 'sc-11uohgb-2 elbkhN'][0]") get text()
2024-05-30 18:50:30,007 INFO c.s.l.LocalListener [TestNG-test-AllCasesHomeWork-1] $("webdriver") close()
2024-05-30 18:50:30,531 INFO c.s.l.LocalListener [TestNG-test-AllCasesHomeWork-1] $("webdriver") create()
2024-05-30 18:50:30,957 INFO c.s.l.LocalListener [TestNG-test-AllCasesHomeWork-1] $("open") https://react-shopping-cart-67954.firebaseapp.com/
2024-05-30 18:50:30,971 INFO c.s.l.LocalListener [TestNG-test-AllCasesHomeWork-1] $("By.xpath: //span[@class = 'checkmark'][0]") should be([clickable: interactable and enabled, 10 s.])
2024-05-30 18:50:30,988 INFO c.s.l.LocalListener [TestNG-test-AllCasesHomeWork-1] $("By.xpath: //span[@class = 'checkmark'][0]") get text()
2024-05-30 18:50:31,017 INFO c.s.l.LocalListener [TestNG-test-AllCasesHomeWork-1] $("By.xpath: //span[@class = 'checkmark'][0]") click()
2024-05-30 18:50:31,030 INFO c.s.l.LocalListener [TestNG-test-AllCasesHomeWork-1] $("By.xpath: //span[@class = 'checkmark'][1]") get text()
2024-05-30 18:50:31,042 INFO c.s.l.LocalListener [TestNG-test-AllCasesHomeWork-1] $("By.xpath: //span[@class = 'checkmark'][2]") get text()
2024-05-30 18:50:31,055 INFO c.s.l.LocalListener [TestNG-test-AllCasesHomeWork-1] $("By.xpath: //span[@class = 'checkmark'][3]") get text()
2024-05-30 18:50:31,068 INFO c.s.l.LocalListener [TestNG-test-AllCasesHomeWork-1] $("By.xpath: //span[@class = 'checkmark'][4]") get text()
2024-05-30 18:50:31,081 INFO c.s.l.LocalListener [TestNG-test-AllCasesHomeWork-1] $("By.xpath: //span[@class = 'checkmark'][5]") get text()
2024-05-30 18:50:31,095 INFO c.s.l.LocalListener [TestNG-test-AllCasesHomeWork-1] $("By.xpath: //span[@class = 'checkmark'][6]") get text()
2024-05-30 18:50:32,124 INFO c.s.l.LocalListener [TestNG-test-AllCasesHomeWork-1] $("p[class = 'sc-124al1g-4 eeXMBo'][0]") should be([clickable: interactable and enabled, 10 s.])
2024-05-30 18:50:32,137 INFO c.s.l.LocalListener [TestNG-test-AllCasesHomeWork-1] $("By.xpath: //main[@class ='sc-ebmerl-4 iliWeY']//p") get text()
2024-05-30 18:50:32,146 INFO c.s.l.LocalListener [TestNG-test-AllCasesHomeWork-1] $("p[class = 'sc-124al1g-4 eeXMBo'][0]") should be([clickable: interactable and enabled, 10 s.])
2024-05-30 18:50:32,156 INFO c.s.l.LocalListener [TestNG-test-AllCasesHomeWork-1] $("By.xpath: //main[@class ='sc-ebmerl-4 iliWeY']//p") get text()
2024-05-30 18:50:32,225 INFO c.s.l.LocalListener [TestNG-test-AllCasesHomeWork-1] $("webdriver") close()
2024-05-30 18:50:33,253 INFO c.s.l.LocalListener [TestNG-test-AllCasesHomeWork-1] $("webdriver") create()
2024-05-30 18:50:33,692 INFO c.s.l.LocalListener [TestNG-test-AllCasesHomeWork-1] $("open") https://react-shopping-cart-67954.firebaseapp.com/
2024-05-30 18:50:33,707 INFO c.s.l.LocalListener [TestNG-test-AllCasesHomeWork-1] $("By.xpath: //span[@class = 'checkmark'][0]") should be([clickable: interactable and enabled, 10 s.])
2024-05-30 18:50:33,725 INFO c.s.l.LocalListener [TestNG-test-AllCasesHomeWork-1] $("By.xpath: //span[@class = 'checkmark'][0]") get text()
2024-05-30 18:50:33,738 INFO c.s.l.LocalListener [TestNG-test-AllCasesHomeWork-1] $("By.xpath: //span[@class = 'checkmark'][1]") get text()
2024-05-30 18:50:33,766 INFO c.s.l.LocalListener [TestNG-test-AllCasesHomeWork-1] $("By.xpath: //span[@class = 'checkmark'][1]") click()
2024-05-30 18:50:33,779 INFO c.s.l.LocalListener [TestNG-test-AllCasesHomeWork-1] $("By.xpath: //span[@class = 'checkmark'][2]") get text()
2024-05-30 18:50:33,792 INFO c.s.l.LocalListener [TestNG-test-AllCasesHomeWork-1] $("By.xpath: //span[@class = 'checkmark'][3]") get text()
2024-05-30 18:50:33,806 INFO c.s.l.LocalListener [TestNG-test-AllCasesHomeWork-1] $("By.xpath: //span[@class = 'checkmark'][4]") get text()
2024-05-30 18:50:33,818 INFO c.s.l.LocalListener [TestNG-test-AllCasesHomeWork-1] $("By.xpath: //span[@class = 'checkmark'][5]") get text()
2024-05-30 18:50:33,830 INFO c.s.l.LocalListener [TestNG-test-AllCasesHomeWork-1] $("By.xpath: //span[@class = 'checkmark'][6]") get text()
2024-05-30 18:50:34,859 INFO c.s.l.LocalListener [TestNG-test-AllCasesHomeWork-1] $("p[class = 'sc-124al1g-4 eeXMBo'][0]") should be([clickable: interactable and enabled, 10 s.])
2024-05-30 18:50:34,869 INFO c.s.l.LocalListener [TestNG-test-AllCasesHomeWork-1] $("By.xpath: //main[@class ='sc-ebmerl-4 iliWeY']//p") get text()
2024-05-30 18:50:34,878 INFO c.s.l.LocalListener [TestNG-test-AllCasesHomeWork-1] $("p[class = 'sc-124al1g-4 eeXMBo'][0]") should be([clickable: interactable and enabled, 10 s.])
2024-05-30 18:50:34,886 INFO c.s.l.LocalListener [TestNG-test-AllCasesHomeWork-1] $("By.xpath: //main[@class ='sc-ebmerl-4 iliWeY']//p") get text()
2024-05-30 18:50:34,947 INFO c.s.l.LocalListener [TestNG-test-AllCasesHomeWork-1] $("webdriver") close()
2024-05-30 18:50:35,458 INFO c.s.l.LocalListener [TestNG-test-AllCasesHomeWork-1] $("webdriver") create()
2024-05-30 18:50:35,900 INFO c.s.l.LocalListener [TestNG-test-AllCasesHomeWork-1] $("open") https://react-shopping-cart-67954.firebaseapp.com/
2024-05-30 18:50:35,917 INFO c.s.l.LocalListener [TestNG-test-AllCasesHomeWork-1] $("By.xpath: //span[@class = 'checkmark'][0]") should be([clickable: interactable and enabled, 10 s.])
2024-05-30 18:50:35,935 INFO c.s.l.LocalListener [TestNG-test-AllCasesHomeWork-1] $("By.xpath: //span[@class = 'checkmark'][0]") get text()
2024-05-30 18:50:35,947 INFO c.s.l.LocalListener [TestNG-test-AllCasesHomeWork-1] $("By.xpath: //span[@class = 'checkmark'][1]") get text()
2024-05-30 18:50:35,959 INFO c.s.l.LocalListener [TestNG-test-AllCasesHomeWork-1] $("By.xpath: //span[@class = 'checkmark'][2]") get text()
2024-05-30 18:50:35,987 INFO c.s.l.LocalListener [TestNG-test-AllCasesHomeWork-1] $("By.xpath: //span[@class = 'checkmark'][2]") click()
2024-05-30 18:50:35,999 INFO c.s.l.LocalListener [TestNG-test-AllCasesHomeWork-1] $("By.xpath: //span[@class = 'checkmark'][3]") get text()
2024-05-30 18:50:36,011 INFO c.s.l.LocalListener [TestNG-test-AllCasesHomeWork-1] $("By.xpath: //span[@class = 'checkmark'][4]") get text()
2024-05-30 18:50:36,024 INFO c.s.l.LocalListener [TestNG-test-AllCasesHomeWork-1] $("By.xpath: //span[@class = 'checkmark'][5]") get text()
2024-05-30 18:50:36,036 INFO c.s.l.LocalListener [TestNG-test-AllCasesHomeWork-1] $("By.xpath: //span[@class = 'checkmark'][6]") get text()
2024-05-30 18:50:37,064 INFO c.s.l.LocalListener [TestNG-test-AllCasesHomeWork-1] $("p[class = 'sc-124al1g-4 eeXMBo'][0]") should be([clickable: interactable and enabled, 10 s.])
2024-05-30 18:50:37,074 INFO c.s.l.LocalListener [TestNG-test-AllCasesHomeWork-1] $("By.xpath: //main[@class ='sc-ebmerl-4 iliWeY']//p") get text()
2024-05-30 18:50:37,083 INFO c.s.l.LocalListener [TestNG-test-AllCasesHomeWork-1] $("p[class = 'sc-124al1g-4 eeXMBo'][0]") should be([clickable: interactable and enabled, 10 s.])
2024-05-30 18:50:37,091 INFO c.s.l.LocalListener [TestNG-test-AllCasesHomeWork-1] $("By.xpath: //main[@class ='sc-ebmerl-4 iliWeY']//p") get text()
2024-05-30 18:50:37,176 INFO c.s.l.LocalListener [TestNG-test-AllCasesHomeWork-1] $("webdriver") close()
2024-05-30 18:50:37,701 INFO c.s.l.LocalListener [TestNG-test-AllCasesHomeWork-1] $("webdriver") create()
2024-05-30 18:50:38,154 INFO c.s.l.LocalListener [TestNG-test-AllCasesHomeWork-1] $("open") https://react-shopping-cart-67954.firebaseapp.com/
2024-05-30 18:50:38,170 INFO c.s.l.LocalListener [TestNG-test-AllCasesHomeWork-1] $("By.xpath: //span[@class = 'checkmark'][0]") should be([clickable: interactable and enabled, 10 s.])
2024-05-30 18:50:38,187 INFO c.s.l.LocalListener [TestNG-test-AllCasesHomeWork-1] $("By.xpath: //span[@class = 'checkmark'][0]") get text()
2024-05-30 18:50:38,200 INFO c.s.l.LocalListener [TestNG-test-AllCasesHomeWork-1] $("By.xpath: //span[@class = 'checkmark'][1]") get text()
2024-05-30 18:50:38,211 INFO c.s.l.LocalListener [TestNG-test-AllCasesHomeWork-1] $("By.xpath: //span[@class = 'checkmark'][2]") get text()
2024-05-30 18:50:38,223 INFO c.s.l.LocalListener [TestNG-test-AllCasesHomeWork-1] $("By.xpath: //span[@class = 'checkmark'][3]") get text()
2024-05-30 18:50:38,251 INFO c.s.l.LocalListener [TestNG-test-AllCasesHomeWork-1] $("By.xpath: //span[@class = 'checkmark'][3]") click()
2024-05-30 18:50:38,264 INFO c.s.l.LocalListener [TestNG-test-AllCasesHomeWork-1] $("By.xpath: //span[@class = 'checkmark'][4]") get text()
2024-05-30 18:50:38,277 INFO c.s.l.LocalListener [TestNG-test-AllCasesHomeWork-1] $("By.xpath: //span[@class = 'checkmark'][5]") get text()
2024-05-30 18:50:38,288 INFO c.s.l.LocalListener [TestNG-test-AllCasesHomeWork-1] $("By.xpath: //span[@class = 'checkmark'][6]") get text()
2024-05-30 18:50:39,310 INFO c.s.l.LocalListener [TestNG-test-AllCasesHomeWork-1] $("p[class = 'sc-124al1g-4 eeXMBo'][0]") should be([clickable: interactable and enabled, 10 s.])
2024-05-30 18:50:39,319 INFO c.s.l.LocalListener [TestNG-test-AllCasesHomeWork-1] $("By.xpath: //main[@class ='sc-ebmerl-4 iliWeY']//p") get text()
2024-05-30 18:50:39,328 INFO c.s.l.LocalListener [TestNG-test-AllCasesHomeWork-1] $("p[class = 'sc-124al1g-4 eeXMBo'][0]") should be([clickable: interactable and enabled, 10 s.])
2024-05-30 18:50:39,335 INFO c.s.l.LocalListener [TestNG-test-AllCasesHomeWork-1] $("By.xpath: //main[@class ='sc-ebmerl-4 iliWeY']//p") get text()
2024-05-30 18:50:39,408 INFO c.s.l.LocalListener [TestNG-test-AllCasesHomeWork-1] $("webdriver") close()
2024-05-30 18:50:39,952 INFO c.s.l.LocalListener [TestNG-test-AllCasesHomeWork-1] $("webdriver") create()
2024-05-30 18:50:40,416 INFO c.s.l.LocalListener [TestNG-test-AllCasesHomeWork-1] $("open") https://react-shopping-cart-67954.firebaseapp.com/
2024-05-30 18:50:40,431 INFO c.s.l.LocalListener [TestNG-test-AllCasesHomeWork-1] $("By.xpath: //span[@class = 'checkmark'][0]") should be([clickable: interactable and enabled, 10 s.])
2024-05-30 18:50:40,448 INFO c.s.l.LocalListener [TestNG-test-AllCasesHomeWork-1] $("By.xpath: //span[@class = 'checkmark'][0]") get text()
2024-05-30 18:50:40,460 INFO c.s.l.LocalListener [TestNG-test-AllCasesHomeWork-1] $("By.xpath: //span[@class = 'checkmark'][1]") get text()
2024-05-30 18:50:40,472 INFO c.s.l.LocalListener [TestNG-test-AllCasesHomeWork-1] $("By.xpath: //span[@class = 'checkmark'][2]") get text()
2024-05-30 18:50:40,483 INFO c.s.l.LocalListener [TestNG-test-AllCasesHomeWork-1] $("By.xpath: //span[@class = 'checkmark'][3]") get text()
2024-05-30 18:50:40,495 INFO c.s.l.LocalListener [TestNG-test-AllCasesHomeWork-1] $("By.xpath: //span[@class = 'checkmark'][4]") get text()
2024-05-30 18:50:40,522 INFO c.s.l.LocalListener [TestNG-test-AllCasesHomeWork-1] $("By.xpath: //span[@class = 'checkmark'][4]") click()
2024-05-30 18:50:40,534 INFO c.s.l.LocalListener [TestNG-test-AllCasesHomeWork-1] $("By.xpath: //span[@class = 'checkmark'][5]") get text()
2024-05-30 18:50:40,546 INFO c.s.l.LocalListener [TestNG-test-AllCasesHomeWork-1] $("By.xpath: //span[@class = 'checkmark'][6]") get text()
2024-05-30 18:50:41,587 INFO c.s.l.LocalListener [TestNG-test-AllCasesHomeWork-1] $("p[class = 'sc-124al1g-4 eeXMBo'][0]") should be([clickable: interactable and enabled, 10 s.])
2024-05-30 18:50:41,596 INFO c.s.l.LocalListener [TestNG-test-AllCasesHomeWork-1] $("By.xpath: //main[@class ='sc-ebmerl-4 iliWeY']//p") get text()
2024-05-30 18:50:41,604 INFO c.s.l.LocalListener [TestNG-test-AllCasesHomeWork-1] $("p[class = 'sc-124al1g-4 eeXMBo'][0]") should be([clickable: interactable and enabled, 10 s.])
2024-05-30 18:50:41,612 INFO c.s.l.LocalListener [TestNG-test-AllCasesHomeWork-1] $("By.xpath: //main[@class ='sc-ebmerl-4 iliWeY']//p") get text()
2024-05-30 18:50:41,685 INFO c.s.l.LocalListener [TestNG-test-AllCasesHomeWork-1] $("webdriver") close()
2024-05-30 18:50:42,213 INFO c.s.l.LocalListener [TestNG-test-AllCasesHomeWork-1] $("webdriver") create()
2024-05-30 18:50:42,640 INFO c.s.l.LocalListener [TestNG-test-AllCasesHomeWork-1] $("open") https://react-shopping-cart-67954.firebaseapp.com/
2024-05-30 18:50:42,654 INFO c.s.l.LocalListener [TestNG-test-AllCasesHomeWork-1] $("By.xpath: //span[@class = 'checkmark'][0]") should be([clickable: interactable and enabled, 10 s.])
2024-05-30 18:50:42,670 INFO c.s.l.LocalListener [TestNG-test-AllCasesHomeWork-1] $("By.xpath: //span[@class = 'checkmark'][0]") get text()
2024-05-30 18:50:42,682 INFO c.s.l.LocalListener [TestNG-test-AllCasesHomeWork-1] $("By.xpath: //span[@class = 'checkmark'][1]") get text()
2024-05-30 18:50:42,693 INFO c.s.l.LocalListener [TestNG-test-AllCasesHomeWork-1] $("By.xpath: //span[@class = 'checkmark'][2]") get text()
2024-05-30 18:50:42,706 INFO c.s.l.LocalListener [TestNG-test-AllCasesHomeWork-1] $("By.xpath: //span[@class = 'checkmark'][3]") get text()
2024-05-30 18:50:42,720 INFO c.s.l.LocalListener [TestNG-test-AllCasesHomeWork-1] $("By.xpath: //span[@class = 'checkmark'][4]") get text()
2024-05-30 18:50:42,732 INFO c.s.l.LocalListener [TestNG-test-AllCasesHomeWork-1] $("By.xpath: //span[@class = 'checkmark'][5]") get text()
2024-05-30 18:50:42,759 INFO c.s.l.LocalListener [TestNG-test-AllCasesHomeWork-1] $("By.xpath: //span[@class = 'checkmark'][5]") click()
2024-05-30 18:50:42,770 INFO c.s.l.LocalListener [TestNG-test-AllCasesHomeWork-1] $("By.xpath: //span[@class = 'checkmark'][6]") get text()
2024-05-30 18:50:43,805 INFO c.s.l.LocalListener [TestNG-test-AllCasesHomeWork-1] $("p[class = 'sc-124al1g-4 eeXMBo'][0]") should be([clickable: interactable and enabled, 10 s.])
2024-05-30 18:50:43,814 INFO c.s.l.LocalListener [TestNG-test-AllCasesHomeWork-1] $("By.xpath: //main[@class ='sc-ebmerl-4 iliWeY']//p") get text()
2024-05-30 18:50:43,822 INFO c.s.l.LocalListener [TestNG-test-AllCasesHomeWork-1] $("p[class = 'sc-124al1g-4 eeXMBo'][0]") should be([clickable: interactable and enabled, 10 s.])
2024-05-30 18:50:43,830 INFO c.s.l.LocalListener [TestNG-test-AllCasesHomeWork-1] $("By.xpath: //main[@class ='sc-ebmerl-4 iliWeY']//p") get text()
2024-05-30 18:50:43,903 INFO c.s.l.LocalListener [TestNG-test-AllCasesHomeWork-1] $("webdriver") close()
2024-05-30 18:50:44,418 INFO c.s.l.LocalListener [TestNG-test-AllCasesHomeWork-1] $("webdriver") create()
2024-05-30 18:50:44,866 INFO c.s.l.LocalListener [TestNG-test-AllCasesHomeWork-1] $("open") https://react-shopping-cart-67954.firebaseapp.com/
2024-05-30 18:50:44,881 INFO c.s.l.LocalListener [TestNG-test-AllCasesHomeWork-1] $("By.xpath: //span[@class = 'checkmark'][0]") should be([clickable: interactable and enabled, 10 s.])
2024-05-30 18:50:44,898 INFO c.s.l.LocalListener [TestNG-test-AllCasesHomeWork-1] $("By.xpath: //span[@class = 'checkmark'][0]") get text()
2024-05-30 18:50:44,909 INFO c.s.l.LocalListener [TestNG-test-AllCasesHomeWork-1] $("By.xpath: //span[@class = 'checkmark'][1]") get text()
2024-05-30 18:50:44,921 INFO c.s.l.LocalListener [TestNG-test-AllCasesHomeWork-1] $("By.xpath: //span[@class = 'checkmark'][2]") get text()
2024-05-30 18:50:44,932 INFO c.s.l.LocalListener [TestNG-test-AllCasesHomeWork-1] $("By.xpath: //span[@class = 'checkmark'][3]") get text()
2024-05-30 18:50:44,944 INFO c.s.l.LocalListener [TestNG-test-AllCasesHomeWork-1] $("By.xpath: //span[@class = 'checkmark'][4]") get text()
2024-05-30 18:50:44,956 INFO c.s.l.LocalListener [TestNG-test-AllCasesHomeWork-1] $("By.xpath: //span[@class = 'checkmark'][5]") get text()
2024-05-30 18:50:44,967 INFO c.s.l.LocalListener [TestNG-test-AllCasesHomeWork-1] $("By.xpath: //span[@class = 'checkmark'][6]") get text()
2024-05-30 18:50:44,996 INFO c.s.l.LocalListener [TestNG-test-AllCasesHomeWork-1] $("By.xpath: //span[@class = 'checkmark'][6]") click()
2024-05-30 18:50:46,031 INFO c.s.l.LocalListener [TestNG-test-AllCasesHomeWork-1] $("p[class = 'sc-124al1g-4 eeXMBo'][0]") should be([clickable: interactable and enabled, 10 s.])
2024-05-30 18:50:46,041 INFO c.s.l.LocalListener [TestNG-test-AllCasesHomeWork-1] $("By.xpath: //main[@class ='sc-ebmerl-4 iliWeY']//p") get text()
2024-05-30 18:50:46,049 INFO c.s.l.LocalListener [TestNG-test-AllCasesHomeWork-1] $("p[class = 'sc-124al1g-4 eeXMBo'][0]") should be([clickable: interactable and enabled, 10 s.])
2024-05-30 18:50:46,058 INFO c.s.l.LocalListener [TestNG-test-AllCasesHomeWork-1] $("By.xpath: //main[@class ='sc-ebmerl-4 iliWeY']//p") get text()
2024-05-30 18:50:46,135 INFO c.s.l.LocalListener [TestNG-test-AllCasesHomeWork-1] $("webdriver") close()
